["note","task-1775168172",1775322777,"34dafe5f-6881-4bca-b209-c98c906e3550",{"msg":"Scope overlap with task-1775168164 detected at claim time"}]
["note","task-1775168164",1775322777,"34dafe5f-6881-4bca-b209-c98c906e3550",{"msg":"Scope overlap with task-1775168172 detected at claim time"}]
["note","task-1775168172",1775322777,"34dafe5f-6881-4bca-b209-c98c906e3550",{"msg":"Scope overlap with task-1775168168 detected at claim time"}]
["note","task-1775168168",1775322777,"34dafe5f-6881-4bca-b209-c98c906e3550",{"msg":"Scope overlap with task-1775168172 detected at claim time"}]
["note","task-1775168172",1775322777,"34dafe5f-6881-4bca-b209-c98c906e3550",{"msg":"Scope overlap with bug-1774960995 detected at claim time"}]
["note","bug-1774960995",1775322777,"34dafe5f-6881-4bca-b209-c98c906e3550",{"msg":"Scope overlap with task-1775168172 detected at claim time"}]
["note","task-1775168172",1775322778,"34dafe5f-6881-4bca-b209-c98c906e3550",{"msg":"Scope overlap with bug-1774973553 detected at claim time"}]
["note","bug-1774973553",1775322778,"34dafe5f-6881-4bca-b209-c98c906e3550",{"msg":"Scope overlap with task-1775168172 detected at claim time"}]
["note","task-1775168172",1775322778,"34dafe5f-6881-4bca-b209-c98c906e3550",{"msg":"Scope overlap with task-1774961009 detected at claim time"}]
["note","task-1774961009",1775322778,"34dafe5f-6881-4bca-b209-c98c906e3550",{"msg":"Scope overlap with task-1775168172 detected at claim time"}]
["note","task-1775168172",1775322778,"34dafe5f-6881-4bca-b209-c98c906e3550",{"msg":"Scope overlap with E6-S6-T1 detected at claim time"}]
["note","E6-S6-T1",1775322778,"34dafe5f-6881-4bca-b209-c98c906e3550",{"msg":"Scope overlap with task-1775168172 detected at claim time"}]
["note","task-1775168172",1775322778,"34dafe5f-6881-4bca-b209-c98c906e3550",{"msg":"Scope overlap with bug-1774960994 detected at claim time"}]
["note","bug-1774960994",1775322778,"34dafe5f-6881-4bca-b209-c98c906e3550",{"msg":"Scope overlap with task-1775168172 detected at claim time"}]
["note","task-1775168172",1775322778,"34dafe5f-6881-4bca-b209-c98c906e3550",{"msg":"Scope overlap with task-1775311449 detected at claim time"}]
["note","task-1775311449",1775322778,"34dafe5f-6881-4bca-b209-c98c906e3550",{"msg":"Scope overlap with task-1775168172 detected at claim time"}]
["claim","task-1775168172",1775322778,"34dafe5f-6881-4bca-b209-c98c906e3550",{"ttl":60}]
["heartbeat","task-1775168172",1775339370,"34dafe5f-6881-4bca-b209-c98c906e3550",{}]
["transition","task-1775168172",1775339373,"34dafe5f-6881-4bca-b209-c98c906e3550",{"to":"done","outcome":"accept-citation --force and --non-interactive flags added to skip confirmation prompt for automated use"}]
["citation-accepted","task-1775168172",1775339390,"34dafe5f-6881-4bca-b209-c98c906e3550",{"confirmed_noninteractively":true,"rationale":"completed implementation of accept-citation force and non-interactive flags"}]
