["note","task-1774956949",1775322778,"34dafe5f-6881-4bca-b209-c98c906e3550",{"msg":"Scope overlap with task-1775168172 detected at claim time"}]
["note","task-1775168172",1775322778,"34dafe5f-6881-4bca-b209-c98c906e3550",{"msg":"Scope overlap with task-1774956949 detected at claim time"}]
["note","task-1774956949",1775322778,"34dafe5f-6881-4bca-b209-c98c906e3550",{"msg":"Scope overlap with bug-1774960995 detected at claim time"}]
["note","bug-1774960995",1775322778,"34dafe5f-6881-4bca-b209-c98c906e3550",{"msg":"Scope overlap with task-1774956949 detected at claim time"}]
["note","task-1774956949",1775322778,"34dafe5f-6881-4bca-b209-c98c906e3550",{"msg":"Scope overlap with task-1775311449 detected at claim time"}]
["note","task-1775311449",1775322778,"34dafe5f-6881-4bca-b209-c98c906e3550",{"msg":"Scope overlap with task-1774956949 detected at claim time"}]
["note","task-1774956949",1775322778,"34dafe5f-6881-4bca-b209-c98c906e3550",{"msg":"Scope overlap with E6-S6-T1 detected at claim time"}]
["note","E6-S6-T1",1775322778,"34dafe5f-6881-4bca-b209-c98c906e3550",{"msg":"Scope overlap with task-1774956949 detected at claim time"}]
["note","task-1774956949",1775322778,"34dafe5f-6881-4bca-b209-c98c906e3550",{"msg":"Scope overlap with task-1774961009 detected at claim time"}]
["note","task-1774961009",1775322778,"34dafe5f-6881-4bca-b209-c98c906e3550",{"msg":"Scope overlap with task-1774956949 detected at claim time"}]
["note","task-1774956949",1775322778,"34dafe5f-6881-4bca-b209-c98c906e3550",{"msg":"Scope overlap with task-1775168150 detected at claim time"}]
["note","task-1775168150",1775322778,"34dafe5f-6881-4bca-b209-c98c906e3550",{"msg":"Scope overlap with task-1774956949 detected at claim time"}]
["note","task-1774956949",1775322778,"34dafe5f-6881-4bca-b209-c98c906e3550",{"msg":"Scope overlap with bug-1774973553 detected at claim time"}]
["note","bug-1774973553",1775322778,"34dafe5f-6881-4bca-b209-c98c906e3550",{"msg":"Scope overlap with task-1774956949 detected at claim time"}]
["note","task-1774956949",1775322778,"34dafe5f-6881-4bca-b209-c98c906e3550",{"msg":"Scope overlap with task-1775168168 detected at claim time"}]
["note","task-1775168168",1775322778,"34dafe5f-6881-4bca-b209-c98c906e3550",{"msg":"Scope overlap with task-1774956949 detected at claim time"}]
["note","task-1774956949",1775322778,"34dafe5f-6881-4bca-b209-c98c906e3550",{"msg":"Scope overlap with bug-1774960994 detected at claim time"}]
["note","bug-1774960994",1775322778,"34dafe5f-6881-4bca-b209-c98c906e3550",{"msg":"Scope overlap with task-1774956949 detected at claim time"}]
["note","task-1774956949",1775322778,"34dafe5f-6881-4bca-b209-c98c906e3550",{"msg":"Scope overlap with task-1775168164 detected at claim time"}]
["note","task-1775168164",1775322778,"34dafe5f-6881-4bca-b209-c98c906e3550",{"msg":"Scope overlap with task-1774956949 detected at claim time"}]
["claim","task-1774956949",1775322779,"34dafe5f-6881-4bca-b209-c98c906e3550",{"ttl":60}]
["note","task-1775168150",1775322779,"34dafe5f-6881-4bca-b209-c98c906e3550",{"msg":"Scope overlap with task-1774956949 detected at claim time"}]
["note","task-1774956949",1775322779,"34dafe5f-6881-4bca-b209-c98c906e3550",{"msg":"Scope overlap with task-1775168150 detected at claim time"}]
["claim","task-1775168150",1775322779,"34dafe5f-6881-4bca-b209-c98c906e3550",{"ttl":60}]
["heartbeat","task-1774956949",1775339102,"34dafe5f-6881-4bca-b209-c98c906e3550",{}]
["heartbeat","task-1775168150",1775339102,"34dafe5f-6881-4bca-b209-c98c906e3550",{}]
["transition","task-1774956949",1775339109,"34dafe5f-6881-4bca-b209-c98c906e3550",{"to":"done","outcome":"post-commit, post-merge, prepare-commit-msg templates created and installed; all branch-aware, skipping on _trellis"}]
["transition","task-1775168150",1775339119,"34dafe5f-6881-4bca-b209-c98c906e3550",{"to":"done","outcome":"pre-commit.sh.template detects current branch; if != _trellis AND staged files include .issues/ops/, abort with clear error; dual-branch mode check prevents blocking single-branch mode"}]
["citation-accepted","task-1774956949",1775339134,"34dafe5f-6881-4bca-b209-c98c906e3550",{"confirmed_noninteractively":true,"rationale":"Implementation complete: all hook templates created and installed"}]
["citation-accepted","task-1775168150",1775339134,"34dafe5f-6881-4bca-b209-c98c906e3550",{"confirmed_noninteractively":true,"rationale":"Implementation complete: pre-commit hook blocks ops commits on code branches"}]
