["create","E3",1773668289,"aa425376-bcd1-4add-a700-33714c369859",{"title":"E3: Multi-Worker Collaboration","type":"story","scope":["internal/**"],"definition_of_done":"All four sub-stories implemented and tested: push/sync, audit log, worker presence, issue assignment. Atomic release. All tests pass and binary builds.","priority":"high"}]
["create","E3-001",1773668289,"aa425376-bcd1-4add-a700-33714c369859",{"title":"Push/Sync Layer — remote sync for _trellis branch","parent":"E3","type":"story","scope":["internal/git/**"],"definition_of_done":"git.Client has Push and FetchAndRebase. Pusher/PendingPushTracker interfaces defined. AppendCommitAndPush with retry. High/low-stakes commands wired. All tests pass.","priority":"high"}]
["create","E3-001-T1",1773668289,"aa425376-bcd1-4add-a700-33714c369859",{"title":"Add LowStakesPushThreshold to Config","parent":"E3-001","type":"task","scope":["internal/config/**"],"definition_of_done":"LowStakesPushThreshold int added to Config. DefaultConfig returns 5. Tests pass.","priority":"high"}]
["create","E3-001-T2",1773668289,"aa425376-bcd1-4add-a700-33714c369859",{"title":"Add Push and FetchAndRebase to git.Client","parent":"E3-001","type":"task","scope":["internal/git/**"],"definition_of_done":"Push and FetchAndRebase on *Client. Tests: fast-forward succeeds, rejected returns error, FetchAndRebase+Push succeeds after rejection.","priority":"high"}]
["link","E3-001-T2",1773668289,"aa425376-bcd1-4add-a700-33714c369859",{"dep":"E3-001-T1","rel":"blocked_by"}]
["create","E3-001-T3",1773668289,"aa425376-bcd1-4add-a700-33714c369859",{"title":"Pusher interface + NoPusher + AppendCommitAndPush","parent":"E3-001","type":"task","scope":["internal/ops/**"],"definition_of_done":"Pusher interface, NoPusher no-op, AppendCommitAndPush with 4-attempt backoff (1s/2s/4s). Tests: single-branch skips push, dual-branch pushes+resets tracker, all-fail returns error.","priority":"high"}]
["link","E3-001-T3",1773668289,"aa425376-bcd1-4add-a700-33714c369859",{"dep":"E3-001-T2","rel":"blocked_by"}]
["create","E3-001-T4",1773668289,"aa425376-bcd1-4add-a700-33714c369859",{"title":"PendingPushTracker + FilePushTracker + NoTracker","parent":"E3-001","type":"task","scope":["internal/ops/**"],"definition_of_done":"PendingPushTracker interface, FilePushTracker persisting to .issues/state/pending-push-count, NoTracker no-op. Tests: increment/reset, persistence across instances, default threshold.","priority":"high"}]
["link","E3-001-T4",1773668289,"aa425376-bcd1-4add-a700-33714c369859",{"dep":"E3-001-T3","rel":"blocked_by"}]
["create","E3-001-T5",1773668289,"aa425376-bcd1-4add-a700-33714c369859",{"title":"Wire push deps through command helpers","parent":"E3-001","type":"task","scope":["cmd/trellis/**"],"definition_of_done":"initPushDeps, appendHighStakesOp, appendLowStakesOp in helpers.go. PersistentPreRunE calls initPushDeps. High-stakes cmds use appendHighStakesOp; low-stakes use appendLowStakesOp. Full test suite passes.","priority":"high"}]
["link","E3-001-T5",1773668289,"aa425376-bcd1-4add-a700-33714c369859",{"dep":"E3-001-T4","rel":"blocked_by"}]
["create","E3-003",1773668289,"aa425376-bcd1-4add-a700-33714c369859",{"title":"Audit Log Viewer — trls log command","parent":"E3","type":"story","scope":["internal/audit/**"],"definition_of_done":"audit.Load reads/merges/filters op logs, marks losing claims. trls log with --issue/--worker/--since and --json output.","priority":"high"}]
["create","E3-003-T6",1773668289,"aa425376-bcd1-4add-a700-33714c369859",{"title":"internal/audit/audit.go","parent":"E3-003","type":"task","scope":["internal/audit/**"],"definition_of_done":"audit.Load: walks ops/*.log, merges by timestamp, applies Filter, marks LostRace via claim.ResolveClaim. Tests: all-ops, filter-by-issue, filter-by-worker, filter-by-since, lost-race, empty-dir.","priority":"high"}]
["create","E3-003-T7",1773668289,"aa425376-bcd1-4add-a700-33714c369859",{"title":"trls log command","parent":"E3-003","type":"task","scope":["cmd/trellis/**"],"definition_of_done":"newLogCmd: --issue, --worker, --since flags. Human-readable with [lost race]. --json JSONL with _lost_race. Registered in main.go. Note: OpAssign case in logPayloadSummary added in E3-004-T8.","priority":"high"}]
["link","E3-003-T7",1773668289,"aa425376-bcd1-4add-a700-33714c369859",{"dep":"E3-003-T6","rel":"blocked_by"}]
["create","E3-004",1773668289,"aa425376-bcd1-4add-a700-33714c369859",{"title":"Issue Assignment — trls assign/unassign + ready sort","parent":"E3","type":"story","scope":["internal/ops/**"],"definition_of_done":"OpAssign registered. AssignedWorker in Issue/IndexEntry. applyAssign in engine. trls assign/unassign. Assignment-aware ComputeReady sort.","priority":"high"}]
["link","E3-004",1773668289,"aa425376-bcd1-4add-a700-33714c369859",{"dep":"E3-001","rel":"blocked_by"}]
["create","E3-004-T8",1773668289,"aa425376-bcd1-4add-a700-33714c369859",{"title":"OpAssign type registration + schema + log.go OpAssign case","parent":"E3-004","type":"task","scope":["internal/ops/**"],"definition_of_done":"OpAssign='assign' constant, ValidOpTypes updated, AssignedTo in Payload, schema updated. OpAssign case added to logPayloadSummary in log.go. Tests pass including property round-trip.","priority":"high"}]
["create","E3-004-T9",1773668289,"aa425376-bcd1-4add-a700-33714c369859",{"title":"Materialization: AssignedWorker field + applyAssign handler","parent":"E3-004","type":"task","scope":["internal/materialize/**"],"definition_of_done":"AssignedWorker string in Issue and IndexEntry. applyAssign in engine (tolerates unknown issues). BuildIndex maps AssignedWorker. Tests: apply assign, unassign, BuildIndex includes field.","priority":"high"}]
["link","E3-004-T9",1773668289,"aa425376-bcd1-4add-a700-33714c369859",{"dep":"E3-004-T8","rel":"blocked_by"}]
["create","E3-004-T10",1773668289,"aa425376-bcd1-4add-a700-33714c369859",{"title":"trls assign and trls unassign commands","parent":"E3-004","type":"task","scope":["cmd/trellis/**"],"definition_of_done":"assign.go: newAssignCmd (--issue, --worker required) and newUnassignCmd (--issue required). Both use appendHighStakesOp. Registered in main.go.","priority":"high"}]
["link","E3-004-T10",1773668289,"aa425376-bcd1-4add-a700-33714c369859",{"dep":"E3-004-T9","rel":"blocked_by"}]
["create","E3-004-T11",1773668289,"aa425376-bcd1-4add-a700-33714c369859",{"title":"Assignment-aware ready sort in ComputeReady","parent":"E3-004","type":"task","scope":["internal/ready/**"],"definition_of_done":"ComputeReady(index, issues, workerID string, now ...int64). sortReady: assigned-to-me first, unassigned next, other-assigned last. --worker flag on trls ready. Caller in ready.go updated. Tests pass.","priority":"high"}]
["link","E3-004-T11",1773668289,"aa425376-bcd1-4add-a700-33714c369859",{"dep":"E3-004-T9","rel":"blocked_by"}]
["create","E3-002",1773668289,"aa425376-bcd1-4add-a700-33714c369859",{"title":"Worker Presence — trls workers command","parent":"E3","type":"story","scope":["cmd/trellis/**"],"definition_of_done":"trls workers: enumerates workers from ops/*.log, classifies active/idle/stale via claim.IsClaimStale. Human-readable and --json output.","priority":"high"}]
["link","E3-002",1773668289,"aa425376-bcd1-4add-a700-33714c369859",{"dep":"E3-004-T9","rel":"blocked_by"}]
["create","E3-002-T12",1773668289,"aa425376-bcd1-4add-a700-33714c369859",{"title":"trls workers command","parent":"E3-002","type":"task","scope":["cmd/trellis/**"],"definition_of_done":"workers.go: enumerateWorkers from ops/*.log. buildWorkerStatus: active (live claim), stale (all stale), idle (within 2*DefaultTTL window). lastOpTimestampFromLog. Human and --json output. Registered.","priority":"high"}]
["link","E3-002-T12",1773668289,"aa425376-bcd1-4add-a700-33714c369859",{"dep":"E3-004-T9","rel":"blocked_by"}]
["create","E3-T13",1773668289,"aa425376-bcd1-4add-a700-33714c369859",{"title":"Final Integration — build, test, all commands registered","parent":"E3","type":"task","scope":["cmd/trellis/**"],"definition_of_done":"All commands registered (log, assign, unassign, workers). Full test suite passes. Binary builds. --help for all new commands works.","priority":"high"}]
["link","E3-T13",1773668289,"aa425376-bcd1-4add-a700-33714c369859",{"dep":"E3-001-T5","rel":"blocked_by"}]
["link","E3-T13",1773668289,"aa425376-bcd1-4add-a700-33714c369859",{"dep":"E3-003-T7","rel":"blocked_by"}]
["link","E3-T13",1773668289,"aa425376-bcd1-4add-a700-33714c369859",{"dep":"E3-004-T10","rel":"blocked_by"}]
["link","E3-T13",1773668289,"aa425376-bcd1-4add-a700-33714c369859",{"dep":"E3-004-T11","rel":"blocked_by"}]
["link","E3-T13",1773668289,"aa425376-bcd1-4add-a700-33714c369859",{"dep":"E3-002-T12","rel":"blocked_by"}]
