["amend","E3",1774406299,"d4bbab1d-95f3-4d49-89e5-3ac2e620cbb0",{"type":"epic"}]
["amend","E5-S1-T1",1774406313,"d4bbab1d-95f3-4d49-89e5-3ac2e620cbb0",{"acceptance":[{"type":"test_passes","cmd":"go test ./... -run TestTransitionToOpen","description":"TestTransitionToOpen and TestTransitionToOpenRejectsInvalidAlias pass"}]}]
["amend","E5-S1-T2",1774406313,"d4bbab1d-95f3-4d49-89e5-3ac2e620cbb0",{"acceptance":[{"type":"test_passes","cmd":"go test ./internal/ready/... -run TestStaleClaims","description":"StaleClaims unit tests pass; stale diagnostic shown in ready output"}]}]
["amend","E5-S1-T3",1774406313,"d4bbab1d-95f3-4d49-89e5-3ac2e620cbb0",{"acceptance":[{"type":"test_passes","cmd":"go test ./cmd/trellis/ -run TestClaimAutoAdvancesParent","description":"Claiming a task auto-transitions parent story/epic to in-progress"}]}]
["amend","E5-S1-T4",1774406314,"d4bbab1d-95f3-4d49-89e5-3ac2e620cbb0",{"acceptance":[{"type":"test_passes","cmd":"go test ./cmd/trellis/ -run TestUnassignReleasesClaimedStatus","description":"unassign on claimed issue transitions to open; child tasks unblocked"}]}]
["amend","E5-S1-T5",1774406314,"d4bbab1d-95f3-4d49-89e5-3ac2e620cbb0",{"acceptance":[{"type":"test_passes","cmd":"go test ./cmd/trellis/ -run TestDecomposeApplyExampleFlag","description":"trls decompose-apply --example prints valid minimal plan JSON"}]}]
["amend","E5-S1-T6",1774406314,"d4bbab1d-95f3-4d49-89e5-3ac2e620cbb0",{"acceptance":[{"type":"test_passes","cmd":"go test ./cmd/trellis/ -run TestList","description":"trls list shows all issues; --type and --parent filter correctly; --format json outputs structured data"}]}]
["amend","E5-S1-T7",1774406314,"d4bbab1d-95f3-4d49-89e5-3ac2e620cbb0",{"acceptance":[{"type":"test_passes","cmd":"go test ./cmd/trellis/ -run TestDecomposeApplyDryRun","description":"--dry-run validates and prints without writing ops; SKILL.md has workflow section"}]}]
["amend","E5-S1-T8",1774406314,"d4bbab1d-95f3-4d49-89e5-3ac2e620cbb0",{"acceptance":[{"type":"test_passes","cmd":"go test ./cmd/trellis/ -run TestDecomposeApply","description":"--strict, --generate-ids, --root flags implemented and tested"}]}]
["amend","E5-S2-T1",1774406321,"d4bbab1d-95f3-4d49-89e5-3ac2e620cbb0",{"acceptance":[{"type":"test_passes","cmd":"go test ./... -run TestBoard","description":"BubbleTea model with three columns, navigation, and detail viewport; unit tests pass"}]}]
["amend","E5-S2-T2",1774406321,"d4bbab1d-95f3-4d49-89e5-3ac2e620cbb0",{"acceptance":[{"type":"test_passes","cmd":"go test ./cmd/trellis/ -run TestTUI","description":"trls tui launches board, auto-refreshes every 5s, q quits cleanly"}]}]
["amend","E5-S2-T3",1774406321,"d4bbab1d-95f3-4d49-89e5-3ac2e620cbb0",{"acceptance":[{"type":"test_passes","cmd":"go test ./cmd/trellis/ -run TestReady","description":"trls ready on TTY launches selection TUI; --format=json bypasses TUI entirely"}]}]
["amend","E5-S3-T1",1774406349,"d4bbab1d-95f3-4d49-89e5-3ac2e620cbb0",{"acceptance":[{"type":"test_passes","cmd":"go test ./internal/git/...","description":"ListFilesAtCommit, ShowFileAtCommit, LogBranch pass tests against real git repo"}]}]
["amend","E5-S3-T2",1774406349,"d4bbab1d-95f3-4d49-89e5-3ac2e620cbb0",{"acceptance":[{"type":"test_passes","cmd":"go test ./internal/materialize/... -run TestMaterializeAtSHA","description":"MaterializeAtSHA returns correct state as of given commit"}]}]
["amend","E5-S3-T3",1774406349,"d4bbab1d-95f3-4d49-89e5-3ac2e620cbb0",{"acceptance":[{"type":"test_passes","cmd":"go test ./cmd/trellis/ -run TestRenderContextAt","description":"render-context --at \u003csha\u003e returns context as of that SHA"}]}]
["amend","E5-S3-T4",1774406349,"d4bbab1d-95f3-4d49-89e5-3ac2e620cbb0",{"acceptance":[{"type":"test_passes","cmd":"go test ./cmd/trellis/ -run TestContextHistory","description":"context-history --issue lists commit SHAs where context changed"}]}]
["amend","E5-S3-T5",1774406349,"d4bbab1d-95f3-4d49-89e5-3ac2e620cbb0",{"acceptance":[{"type":"test_passes","cmd":"go test ./cmd/trellis/ -run TestMaterializeExcludeWorker","description":"materialize --exclude-worker \u003cid\u003e skips that worker's ops"}]}]
["amend","E5-S4-T1",1774406358,"d4bbab1d-95f3-4d49-89e5-3ac2e620cbb0",{"acceptance":[{"type":"manual_review","description":"README cold-readable; install path clear; quickstart runnable without other docs"}]}]
["amend","E5-S4-T2",1774406358,"d4bbab1d-95f3-4d49-89e5-3ac2e620cbb0",{"acceptance":[{"type":"manual_review","description":"getting-started.md runnable from fresh clone; covers solo and dual-branch modes; all commands copy-pasteable"}]}]
["amend","E5-S4-T3",1774406358,"d4bbab1d-95f3-4d49-89e5-3ac2e620cbb0",{"acceptance":[{"type":"manual_review","description":"commands.md documents every trls subcommand with synopsis, flags, examples, and notes; includes all E5 additions"}]}]
["amend","E5-S4-T4",1774406358,"d4bbab1d-95f3-4d49-89e5-3ac2e620cbb0",{"acceptance":[{"type":"manual_review","description":"use-cases.md covers P1-P5 personas; multi-agent conflict scenario documented"}]}]
["create","E5-S5",1774407001,"d4bbab1d-95f3-4d49-89e5-3ac2e620cbb0",{"title":"Citation Remediation — add source-link/accept-citation commands and remediate 106 uncited nodes","parent":"E5","type":"story","scope":["internal/ops/types.go, internal/materialize/state.go, internal/materialize/engine.go, internal/traceability/traceability.go, internal/materialize/pipeline.go, internal/validate/validate.go, cmd/trellis/validate.go, cmd/trellis/main.go, cmd/trellis/source_link.go, cmd/trellis/accept_citation.go"],"definition_of_done":"trls validate reports COVERAGE: 106/106 cited (N source-linked, M accepted-risk) with no ERROR lines; trls source-link and trls accept-citation commands implemented; make check green","priority":"high","confidence":"draft"}]
["create","E5-S5-T1",1774407001,"d4bbab1d-95f3-4d49-89e5-3ac2e620cbb0",{"title":"Register citation-accepted op type and ConfirmedNoninteractively payload field","parent":"E5-S5","type":"task","scope":["internal/ops/types.go, internal/ops/types_test.go"],"definition_of_done":"OpCitationAccepted constant in ValidOpTypes; ConfirmedNoninteractively bool field in Payload; TestOpCitationAccepted_RegisteredInValidOpTypes passes; make check green","priority":"high","confidence":"draft"}]
["create","E5-S5-T2",1774407001,"d4bbab1d-95f3-4d49-89e5-3ac2e620cbb0",{"title":"Add CitationAcceptance struct and CitationAcceptances field to materialize state + engine apply case","parent":"E5-S5","type":"task","scope":["internal/materialize/state.go, internal/materialize/engine.go, internal/materialize/engine_test.go"],"definition_of_done":"CitationAcceptance struct in state.go; CitationAcceptances []CitationAcceptance field on Issue; applyCitationAccepted method in engine; TestApplyCitationAccepted and TestApplyCitationAccepted_UnknownIssue_NoError pass; make check green","priority":"high","confidence":"draft"}]
["link","E5-S5-T2",1774407001,"d4bbab1d-95f3-4d49-89e5-3ac2e620cbb0",{"dep":"E5-S5-T1","rel":"blocked_by"}]
["create","E5-S5-T3",1774407001,"d4bbab1d-95f3-4d49-89e5-3ac2e620cbb0",{"title":"Update traceability — add CitationAcceptanceCount to IssueRef and AcceptedRiskNodes/AcceptedRiskPct to Coverage","parent":"E5-S5","type":"task","scope":["internal/traceability/traceability.go, internal/traceability/traceability_test.go"],"definition_of_done":"CitationAcceptanceCount int on IssueRef; AcceptedRiskNodes int and AcceptedRiskPct float64 on Coverage; Compute updated; TestCompute_AllSourceLinked, TestCompute_MixedCitation, TestCompute_BothSourceLinkAndAcceptance_CountsAsSourceLinked pass; make check green","priority":"high","confidence":"draft"}]
["link","E5-S5-T3",1774407001,"d4bbab1d-95f3-4d49-89e5-3ac2e620cbb0",{"dep":"E5-S5-T2","rel":"blocked_by"}]
["create","E5-S5-T4",1774407001,"d4bbab1d-95f3-4d49-89e5-3ac2e620cbb0",{"title":"Update pipeline toTraceabilityRefs to populate CitationAcceptanceCount","parent":"E5-S5","type":"task","scope":["internal/materialize/pipeline.go, internal/materialize/engine_test.go"],"definition_of_done":"toTraceabilityRefs populates CitationAcceptanceCount from len(issue.CitationAcceptances); TestToTraceabilityRefs_PopulatesCitationAcceptanceCount passes; make check green","priority":"high","confidence":"draft"}]
["link","E5-S5-T4",1774407001,"d4bbab1d-95f3-4d49-89e5-3ac2e620cbb0",{"dep":"E5-S5-T2","rel":"blocked_by"}]
["link","E5-S5-T4",1774407001,"d4bbab1d-95f3-4d49-89e5-3ac2e620cbb0",{"dep":"E5-S5-T3","rel":"blocked_by"}]
["create","E5-S5-T5",1774407001,"d4bbab1d-95f3-4d49-89e5-3ac2e620cbb0",{"title":"Update validator — citation-accepted satisfies citation requirement","parent":"E5-S5","type":"task","scope":["internal/validate/validate.go, internal/validate/validate_extra_test.go"],"definition_of_done":"checkE7E8E12Citations treats CitationAcceptances as satisfying citation; TestValidate_CitationAccepted_SatisfiesCitationRequirement, TestValidate_CitationAccepted_NoManifest_CitationCheckSkipped, TestValidate_SourceLinkOnly_ManifestMembershipChecked pass; make check green","priority":"high","confidence":"draft"}]
["link","E5-S5-T5",1774407001,"d4bbab1d-95f3-4d49-89e5-3ac2e620cbb0",{"dep":"E5-S5-T3","rel":"blocked_by"}]
["link","E5-S5-T5",1774407001,"d4bbab1d-95f3-4d49-89e5-3ac2e620cbb0",{"dep":"E5-S5-T4","rel":"blocked_by"}]
["create","E5-S5-T6",1774407001,"d4bbab1d-95f3-4d49-89e5-3ac2e620cbb0",{"title":"Update validate command coverage output format (human + JSON)","parent":"E5-S5","type":"task","scope":["cmd/trellis/validate.go, cmd/trellis/main_test.go"],"definition_of_done":"Human format: 'COVERAGE: N/M cited' (or 'N/M cited (X source-linked, Y accepted-risk)' when accepted-risk\u003e0); JSON format includes coverage object; TestValidateCmd_CoverageOutput_HumanFormat passes; make check green","priority":"high","confidence":"draft"}]
["link","E5-S5-T6",1774407001,"d4bbab1d-95f3-4d49-89e5-3ac2e620cbb0",{"dep":"E5-S5-T5","rel":"blocked_by"}]
["create","E5-S5-T7",1774407001,"d4bbab1d-95f3-4d49-89e5-3ac2e620cbb0",{"title":"Implement trls source-link command","parent":"E5-S5","type":"task","scope":["cmd/trellis/source_link.go, cmd/trellis/main.go, cmd/trellis/cmd_extra_test.go"],"definition_of_done":"trls source-link --issue ID --source-id UUID emits source-link op; validates source-id exists in manifest; TestSourceLinkCmd_HappyPath, TestSourceLinkCmd_UnknownSourceID, TestSourceLinkCmd_MissingIssue, TestSourceLinkCmd_MissingSourceID, TestSourceLinkCmd_MakesNodeCited pass; make check green","priority":"high","confidence":"draft"}]
["link","E5-S5-T7",1774407001,"d4bbab1d-95f3-4d49-89e5-3ac2e620cbb0",{"dep":"E5-S5-T6","rel":"blocked_by"}]
["create","E5-S5-T8",1774407001,"d4bbab1d-95f3-4d49-89e5-3ac2e620cbb0",{"title":"Implement trls accept-citation command with interactive confirmation and --ci flag","parent":"E5-S5","type":"task","scope":["cmd/trellis/accept_citation.go, cmd/trellis/main.go, cmd/trellis/cmd_extra_test.go"],"definition_of_done":"trls accept-citation --issue ID --rationale TEXT emits citation-accepted op; rationale must be \u003e=3 words; --ci bypasses interactive prompt; TestAcceptCitationCmd_CI_HappyPath, TestAcceptCitationCmd_RationaleTooShort, TestAcceptCitationCmd_TwoWords_Rejected, TestAcceptCitationCmd_ThreeWords_Accepted, TestAcceptCitationCmd_MissingIssue, TestAcceptCitationCmd_MissingRationale pass; make check green","priority":"high","confidence":"draft"}]
["link","E5-S5-T8",1774407001,"d4bbab1d-95f3-4d49-89e5-3ac2e620cbb0",{"dep":"E5-S5-T6","rel":"blocked_by"}]
["create","E5-S5-T9",1774407001,"d4bbab1d-95f3-4d49-89e5-3ac2e620cbb0",{"title":"Register 19 planning docs as citation sources","parent":"E5-S5","type":"task","scope":[".issues/sources/manifest.json"],"definition_of_done":"20 sources registered in manifest (19 new + 1 pre-existing E5 plan); trls sources manifest shows 20 entries; sources manifest committed","priority":"high","confidence":"draft"}]
["link","E5-S5-T9",1774407001,"d4bbab1d-95f3-4d49-89e5-3ac2e620cbb0",{"dep":"E5-S5-T7","rel":"blocked_by"}]
["link","E5-S5-T9",1774407001,"d4bbab1d-95f3-4d49-89e5-3ac2e620cbb0",{"dep":"E5-S5-T8","rel":"blocked_by"}]
["create","E5-S5-T10",1774407001,"d4bbab1d-95f3-4d49-89e5-3ac2e620cbb0",{"title":"Emit source-link ops for all properly-sourceable issues (E2/E3/CI/TC/E4/E5)","parent":"E5-S5","type":"task","scope":[".issues/ops"],"definition_of_done":"source-link ops emitted for all issues in the E2/E3/CI/TC/E4/E5 mapping; trls validate uncited count decreasing to single digits; ops committed","priority":"high","confidence":"draft"}]
["link","E5-S5-T10",1774407001,"d4bbab1d-95f3-4d49-89e5-3ac2e620cbb0",{"dep":"E5-S5-T9","rel":"blocked_by"}]
["create","E5-S5-T11",1774407001,"d4bbab1d-95f3-4d49-89e5-3ac2e620cbb0",{"title":"Accept-citation for straggler issues with no recoverable source material","parent":"E5-S5","type":"task","scope":[".issues/ops"],"definition_of_done":"Zero uncited nodes; trls validate reports COVERAGE: 106/106 cited with no ERROR lines; stragglers committed","priority":"high","confidence":"draft"}]
["link","E5-S5-T11",1774407001,"d4bbab1d-95f3-4d49-89e5-3ac2e620cbb0",{"dep":"E5-S5-T8","rel":"blocked_by"}]
["link","E5-S5-T11",1774407001,"d4bbab1d-95f3-4d49-89e5-3ac2e620cbb0",{"dep":"E5-S5-T10","rel":"blocked_by"}]
["create","E5-S5-T12",1774407001,"d4bbab1d-95f3-4d49-89e5-3ac2e620cbb0",{"title":"Final verification — make check green and trls validate 106/106 cited","parent":"E5-S5","type":"task","definition_of_done":"make check passes (lint + test + coverage \u003e=80% + mutation); trls validate shows COVERAGE: 106/106 cited (N source-linked, M accepted-risk) with no ERROR lines","priority":"high","confidence":"draft"}]
["link","E5-S5-T12",1774407001,"d4bbab1d-95f3-4d49-89e5-3ac2e620cbb0",{"dep":"E5-S5-T11","rel":"blocked_by"}]
["dag-transition","E5-S5",1774407055,"d4bbab1d-95f3-4d49-89e5-3ac2e620cbb0",{"to":"verified","issue_id":"E5-S5"}]
