["create","E4",1773889502,"0fb9a1c9-195f-4c03-84e2-487ad18c69e7",{"title":"E4: TUI + Governance + Sources","type":"epic","definition_of_done":"All 9 stories (S1-S9) done: Charm TUI stack, source document management, traceability, full validation, decompose-context, interactive governance workflows"}]
["create","E4-S1",1773889514,"0fb9a1c9-195f-4c03-84e2-487ad18c69e7",{"title":"S1: Charm TUI Foundation","parent":"E4","type":"story","definition_of_done":"Charm stack added to go.mod, semantic color palette (7 vars), IsTerminal + IsInteractive helpers, Bubbles component wrappers; all tests pass"}]
["create","E4-S4",1773889514,"0fb9a1c9-195f-4c03-84e2-487ad18c69e7",{"title":"S4: Source Document Management","parent":"E4","type":"story","definition_of_done":"Provider interface, manifest.json persistence, fingerprint, filesystem/Confluence/SharePoint providers, sources add/sync/verify CLI commands; all tests pass"}]
["create","E4-S7",1773889514,"0fb9a1c9-195f-4c03-84e2-487ad18c69e7",{"title":"S7: Traceability","parent":"E4","type":"story","definition_of_done":"source-link and dag-transition ops materialized, Coverage type computed, traceability.json written by pipeline; all tests pass"}]
["create","E4-S2",1773889514,"0fb9a1c9-195f-4c03-84e2-487ad18c69e7",{"title":"S2: Glamour Markdown Render","parent":"E4","type":"story","definition_of_done":"render-context human format uses Glamour with plain-text fallback, RenderAgent JSON output added; all tests pass"}]
["create","E4-S3",1773889514,"0fb9a1c9-195f-4c03-84e2-487ad18c69e7",{"title":"S3: Full Validate (W1-W11 + E1-E12)","parent":"E4","type":"story","definition_of_done":"All W1-W11 warning checks and E1-E12 error checks implemented, --scope/--strict/JSON output flags on validate command; all tests pass"}]
["create","E4-S5",1773889514,"0fb9a1c9-195f-4c03-84e2-487ad18c69e7",{"title":"S5: Full Decompose-Context","parent":"E4","type":"story","definition_of_done":"decompose-context fully implemented: template interpolation, source fetch from cache, --sources/--template/--output/--existing-dag flags; all tests pass"}]
["create","E4-S6",1773889514,"0fb9a1c9-195f-4c03-84e2-487ad18c69e7",{"title":"S6: DAG Summary TUI","parent":"E4","type":"story","definition_of_done":"Interactive dagsum BubbleTea model, dag-summary command with dag-summary.md artifact, non-interactive JSON path; all tests pass"}]
["create","E4-S8",1773889514,"0fb9a1c9-195f-4c03-84e2-487ad18c69e7",{"title":"S8: Brownfield Import","parent":"E4","type":"story","definition_of_done":"CSV/JSON brownfield import parser, import command with --source/--dry-run flags, confirm command; all tests pass"}]
["create","E4-S9",1773889514,"0fb9a1c9-195f-4c03-84e2-487ad18c69e7",{"title":"S9: Stale Review TUI","parent":"E4","type":"story","definition_of_done":"stalereview BubbleTea model, stale-review command with non-interactive JSON path, stale sources detected from manifest SHA comparison; all tests pass"}]
["link","E4-S4",1773889519,"0fb9a1c9-195f-4c03-84e2-487ad18c69e7",{"dep":"E4-S1","rel":"blocked_by"}]
["link","E4-S7",1773889519,"0fb9a1c9-195f-4c03-84e2-487ad18c69e7",{"dep":"E4-S4","rel":"blocked_by"}]
["link","E4-S2",1773889519,"0fb9a1c9-195f-4c03-84e2-487ad18c69e7",{"dep":"E4-S7","rel":"blocked_by"}]
["link","E4-S3",1773889519,"0fb9a1c9-195f-4c03-84e2-487ad18c69e7",{"dep":"E4-S2","rel":"blocked_by"}]
["link","E4-S5",1773889519,"0fb9a1c9-195f-4c03-84e2-487ad18c69e7",{"dep":"E4-S3","rel":"blocked_by"}]
["link","E4-S6",1773889519,"0fb9a1c9-195f-4c03-84e2-487ad18c69e7",{"dep":"E4-S5","rel":"blocked_by"}]
["link","E4-S8",1773889519,"0fb9a1c9-195f-4c03-84e2-487ad18c69e7",{"dep":"E4-S6","rel":"blocked_by"}]
["link","E4-S9",1773889519,"0fb9a1c9-195f-4c03-84e2-487ad18c69e7",{"dep":"E4-S8","rel":"blocked_by"}]
["create","E4-S1-T1",1773889537,"0fb9a1c9-195f-4c03-84e2-487ad18c69e7",{"title":"Add Charm stack dependencies","parent":"E4-S1","type":"task","scope":["go.mod","go.sum"],"definition_of_done":"go.mod updated with bubbletea v1.3.4, lipgloss v1.1.0, glamour v0.8.0, bubbles v0.20.0; go build ./... passes"}]
["create","E4-S1-T2",1773889537,"0fb9a1c9-195f-4c03-84e2-487ad18c69e7",{"title":"Semantic color palette","parent":"E4-S1","type":"task","scope":["internal/tui/colors.go","internal/tui/colors_test.go"],"definition_of_done":"7 lipgloss.Style vars (Critical, Warning, Advisory, OK, Info, Muted, ActionRequired) defined; TestSemanticPalette passes"}]
["create","E4-S1-T3",1773889537,"0fb9a1c9-195f-4c03-84e2-487ad18c69e7",{"title":"TTY detection","parent":"E4-S1","type":"task","scope":["internal/tui/tty.go","internal/tui/tty_test.go"],"definition_of_done":"IsTerminal() returns false in test runner; TestIsTerminalReturnsFalseInTests passes"}]
["create","E4-S1-T4",1773889537,"0fb9a1c9-195f-4c03-84e2-487ad18c69e7",{"title":"IsInteractive helper","parent":"E4-S1","type":"task","scope":["internal/tui/tty.go","internal/tui/tty_test.go","cmd/trellis/main.go"],"definition_of_done":"IsInteractive() returns false when format=json or not a TTY; SetFormat wired in root PersistentPreRunE; TestIsInteractive* passes"}]
["create","E4-S1-T5",1773889537,"0fb9a1c9-195f-4c03-84e2-487ad18c69e7",{"title":"Bubbles component wrappers","parent":"E4-S1","type":"task","scope":["internal/tui/components.go"],"definition_of_done":"NewSpinner, NewProgressBar, NewTable, NewViewport constructors implemented; go build ./internal/tui/... passes"}]
["link","E4-S1-T2",1773889540,"0fb9a1c9-195f-4c03-84e2-487ad18c69e7",{"dep":"E4-S1-T1","rel":"blocked_by"}]
["link","E4-S1-T3",1773889540,"0fb9a1c9-195f-4c03-84e2-487ad18c69e7",{"dep":"E4-S1-T1","rel":"blocked_by"}]
["link","E4-S1-T4",1773889540,"0fb9a1c9-195f-4c03-84e2-487ad18c69e7",{"dep":"E4-S1-T3","rel":"blocked_by"}]
["link","E4-S1-T5",1773889540,"0fb9a1c9-195f-4c03-84e2-487ad18c69e7",{"dep":"E4-S1-T1","rel":"blocked_by"}]
["create","E4-S4-T1",1773889560,"0fb9a1c9-195f-4c03-84e2-487ad18c69e7",{"title":"Provider interface + manifest types","parent":"E4-S4","type":"task","scope":["internal/sources/types.go","internal/sources/types_test.go"],"definition_of_done":"Provider interface, SourceEntry, Manifest types with Marshal/Unmarshal/Get/Upsert; TestManifestRoundTrip passes"}]
["create","E4-S4-T2",1773889560,"0fb9a1c9-195f-4c03-84e2-487ad18c69e7",{"title":"manifest.json persistence","parent":"E4-S4","type":"task","scope":["internal/sources/manifest.go","internal/sources/manifest_test.go"],"definition_of_done":"ReadManifest/WriteManifest/WriteCache/ReadCache implemented; TestManifestPersistence and TestReadManifestMissingReturnsEmpty pass"}]
["create","E4-S4-T3",1773889560,"0fb9a1c9-195f-4c03-84e2-487ad18c69e7",{"title":"SHA-256 fingerprint helper","parent":"E4-S4","type":"task","scope":["internal/sources/fingerprint.go","internal/sources/fingerprint_test.go"],"definition_of_done":"Fingerprint([]byte) returns lowercase hex SHA-256; TestFingerprint* passes"}]
["create","E4-S4-T4",1773889560,"0fb9a1c9-195f-4c03-84e2-487ad18c69e7",{"title":"Local filesystem provider","parent":"E4-S4","type":"task","scope":["internal/sources/filesystem.go","internal/sources/filesystem_test.go"],"definition_of_done":"FilesystemProvider.Fetch reads file, returns content+SHA+empty versionID; TestFilesystem* passes"}]
["create","E4-S4-T5",1773889560,"0fb9a1c9-195f-4c03-84e2-487ad18c69e7",{"title":"Credential config + Confluence/SharePoint providers","parent":"E4-S4","type":"task","scope":["internal/sources/config.go","internal/sources/confluence.go","internal/sources/sharepoint.go","internal/sources/providers_test.go"],"definition_of_done":"ConfluenceProvider and SharePointProvider implemented with httptest; TestConfluenceProviderFetch and TestSharePointProviderFetch pass"}]
["create","E4-S4-T6",1773889560,"0fb9a1c9-195f-4c03-84e2-487ad18c69e7",{"title":"sources add/sync/verify CLI commands","parent":"E4-S4","type":"task","scope":["cmd/trellis/sources.go","cmd/trellis/main.go"],"definition_of_done":"trls sources add/sync/verify subcommands registered; go build passes; trls sources --help shows all subcommands"}]
["link","E4-S4-T2",1773889563,"0fb9a1c9-195f-4c03-84e2-487ad18c69e7",{"dep":"E4-S4-T1","rel":"blocked_by"}]
["link","E4-S4-T3",1773889563,"0fb9a1c9-195f-4c03-84e2-487ad18c69e7",{"dep":"E4-S4-T1","rel":"blocked_by"}]
["link","E4-S4-T4",1773889563,"0fb9a1c9-195f-4c03-84e2-487ad18c69e7",{"dep":"E4-S4-T3","rel":"blocked_by"}]
["link","E4-S4-T5",1773889563,"0fb9a1c9-195f-4c03-84e2-487ad18c69e7",{"dep":"E4-S4-T4","rel":"blocked_by"}]
["link","E4-S4-T6",1773889563,"0fb9a1c9-195f-4c03-84e2-487ad18c69e7",{"dep":"E4-S4-T5","rel":"blocked_by"}]
["link","E4-S4-T6",1773889563,"0fb9a1c9-195f-4c03-84e2-487ad18c69e7",{"dep":"E4-S4-T2","rel":"blocked_by"}]
["create","E4-S7-T1",1773889576,"0fb9a1c9-195f-4c03-84e2-487ad18c69e7",{"title":"source-link and dag-transition op materialization","parent":"E4-S7","type":"task","scope":["internal/materialize/state.go","internal/materialize/engine.go","internal/materialize/engine_test.go"],"definition_of_done":"SourceLink type added, Issue.SourceLinks and Provenance.DAGConfirmed fields added, applySourceLink and applyDAGTransition handlers; TestApplySourceLinkOp and TestApplyDAGTransitionOp pass"}]
["create","E4-S7-T2",1773889576,"0fb9a1c9-195f-4c03-84e2-487ad18c69e7",{"title":"Traceability coverage computation + traceability.json","parent":"E4-S7","type":"task","scope":["internal/traceability/traceability.go","internal/traceability/traceability_test.go","internal/materialize/pipeline.go"],"definition_of_done":"Compute(state) returns Coverage with TotalNodes/CitedNodes/CoveragePct/Uncited; Write/Read to traceability.json; pipeline writes traceability.json; TestCoverage* passes"}]
["link","E4-S7-T2",1773889576,"0fb9a1c9-195f-4c03-84e2-487ad18c69e7",{"dep":"E4-S7-T1","rel":"blocked_by"}]
["create","E4-S2-T1",1773889586,"0fb9a1c9-195f-4c03-84e2-487ad18c69e7",{"title":"Glamour markdown render upgrade for render-context","parent":"E4-S2","type":"task","scope":["internal/context/render.go","internal/context/context_test.go"],"definition_of_done":"RenderHuman uses Glamour with plain-text fallback; RenderAgent returns JSON; TestRenderHumanContainsLayerContent passes"}]
["create","E4-S3-T1",1773889586,"0fb9a1c9-195f-4c03-84e2-487ad18c69e7",{"title":"Full validation — W1-W11 warning checks and E2-E12 error checks","parent":"E4-S3","type":"task","scope":["internal/validate/validate.go","internal/validate/validate_test.go"],"definition_of_done":"All W1-W11 and E2-E12 checks implemented in validate.go with Options/Result types; TestW[0-9]* and TestE[0-9]* tests pass"}]
["create","E4-S3-T2",1773889586,"0fb9a1c9-195f-4c03-84e2-487ad18c69e7",{"title":"Validate CLI — --scope, --strict, JSON output","parent":"E4-S3","type":"task","scope":["cmd/trellis/validate.go"],"definition_of_done":"validate command has --scope, --strict, --ci flags; --format json outputs errors/warnings JSON; go build passes"}]
["link","E4-S3-T2",1773889586,"0fb9a1c9-195f-4c03-84e2-487ad18c69e7",{"dep":"E4-S3-T1","rel":"blocked_by"}]
["create","E4-S5-T1",1773889610,"0fb9a1c9-195f-4c03-84e2-487ad18c69e7",{"title":"Full decompose-context implementation (replaces stub)","parent":"E4-S5","type":"task","scope":["internal/decompose/context.go","internal/decompose/context_stub.go","internal/decompose/decompose_test.go","cmd/trellis/decompose.go"],"definition_of_done":"BuildContext with template interpolation (SOURCES/EXISTING_DAG/PLAN_SCHEMA/CONSTRAINTS), context_stub.go deleted, --sources/--template/--output/--existing-dag flags on CLI; TestDecomposeContext* passes"}]
["create","E4-S6-T1",1773889610,"0fb9a1c9-195f-4c03-84e2-487ad18c69e7",{"title":"dag-summary BubbleTea model","parent":"E4-S6","type":"task","scope":["internal/tui/dagsum/model.go","internal/tui/dagsum/keys.go","internal/tui/dagsum/model_test.go"],"definition_of_done":"dagsum.Model with New/Total/Confirmed/Cursor/ConfirmedIDs; ConfirmMsg/SkipMsg handled; TestNewModelHasAllItems, TestConfirmAdvancesCursor, TestAllConfirmedProducesOps, TestSkipDoesNotConfirm pass"}]
["create","E4-S6-T2",1773889610,"0fb9a1c9-195f-4c03-84e2-487ad18c69e7",{"title":"dag-summary command + dag-summary.md artifact + non-interactive JSON path","parent":"E4-S6","type":"task","scope":["cmd/trellis/dagsum.go","cmd/trellis/main.go"],"definition_of_done":"dag-summary command registered; non-interactive outputs JSON pending items; interactive runs TUI, emits dag-transition ops, writes dag-summary.md; go build passes"}]
["link","E4-S6-T2",1773889610,"0fb9a1c9-195f-4c03-84e2-487ad18c69e7",{"dep":"E4-S6-T1","rel":"blocked_by"}]
["create","E4-S8-T1",1773889628,"0fb9a1c9-195f-4c03-84e2-487ad18c69e7",{"title":"Brownfield CSV/JSON import parser + import and confirm commands","parent":"E4-S8","type":"task","scope":["internal/importbf/import.go","internal/importbf/import_test.go","cmd/trellis/import.go","cmd/trellis/confirm.go","cmd/trellis/main.go"],"definition_of_done":"ParseCSV and ParseJSON parse to ImportedIssue with imported provenance; import command emits create+source-link ops; confirm command emits dag-transition op; --format=json output; TestParseCSV/TestParseJSON/TestImportedItemsHaveCorrectProvenance pass"}]
["create","E4-S9-T1",1773889628,"0fb9a1c9-195f-4c03-84e2-487ad18c69e7",{"title":"Stale review BubbleTea model + stale-review command","parent":"E4-S9","type":"task","scope":["internal/tui/stalereview/model.go","internal/tui/stalereview/model_test.go","cmd/trellis/stalereview.go","cmd/trellis/main.go"],"definition_of_done":"stalereview.Model with ReviewItem/ConfirmMsg/FlagMsg/SkipMsg; stale-review command detects SHA-changed sources, runs TUI or outputs JSON; emits note ops for confirmed/flagged; TestNewModelHasItems/TestConfirmRecordsDecision pass; make test passes at ≥80% coverage"}]
["claim","E4-S1-T1",1773889682,"0fb9a1c9-195f-4c03-84e2-487ad18c69e7",{"ttl":60}]
["transition","E4",1773889756,"0fb9a1c9-195f-4c03-84e2-487ad18c69e7",{"to":"in-progress","outcome":"E4 epic started: TUI + Governance + Sources implementation begins"}]
["transition","E4-S1-T1",1773890052,"0fb9a1c9-195f-4c03-84e2-487ad18c69e7",{"to":"in-progress","outcome":"Pre-claimed during E4 plan load — not yet implemented. Worker should implement Charm stack deps."}]
["note","E4-S1-T1",1773890052,"0fb9a1c9-195f-4c03-84e2-487ad18c69e7",{"msg":"This task was pre-claimed during plan loading. A worker needs to actually implement: go get bubbletea v1.3.4, lipgloss v1.1.0, glamour v0.8.0, bubbles v0.20.0 and verify go build ./... passes."}]
