["claim","E5-S5",1774407185,"3357fe85-aee5-4df7-8ae8-71ad11d4f75f",{"ttl":60}]
["claim","E5-S5-T1",1774407273,"3357fe85-aee5-4df7-8ae8-71ad11d4f75f",{"ttl":60}]
["note","E5-S5-T1",1774407420,"3357fe85-aee5-4df7-8ae8-71ad11d4f75f",{"msg":"Added OpCitationAccepted constant (\"citation-accepted\") to types.go, registered it in ValidOpTypes, added ConfirmedNoninteractively bool field to Payload, and created types_test.go with TestOpCitationAccepted_RegisteredInValidOpTypes. make check is green (lint clean, all tests pass, coverage ≥80%, mutation efficacy 100%)."}]
["transition","E5-S5-T1",1774407436,"3357fe85-aee5-4df7-8ae8-71ad11d4f75f",{"to":"done","outcome":"Added OpCitationAccepted constant to ValidOpTypes, ConfirmedNoninteractively bool field to Payload, and TestOpCitationAccepted_RegisteredInValidOpTypes test; make check green"}]
["claim","E5-S5-T2",1774407441,"3357fe85-aee5-4df7-8ae8-71ad11d4f75f",{"ttl":60}]
["note","E5-S5-T2",1774435985,"3357fe85-aee5-4df7-8ae8-71ad11d4f75f",{"msg":"Implemented CitationAcceptance struct in state.go, added CitationAcceptances []CitationAcceptance field to Issue, added applyCitationAccepted method in engine.go with OpCitationAccepted case, and TestApplyCitationAccepted + TestApplyCitationAccepted_UnknownIssue_NoError tests. make check green (lint 0 issues, all tests pass, 100% test efficacy, 85.84% mutator coverage)."}]
["transition","E5-S5-T2",1774435998,"3357fe85-aee5-4df7-8ae8-71ad11d4f75f",{"to":"done","outcome":"Added CitationAcceptance struct to state.go, CitationAcceptances field on Issue, applyCitationAccepted method in engine.go; TestApplyCitationAccepted and UnknownIssue_NoError pass; make check green"}]
["claim","E5-S5-T3",1774436005,"3357fe85-aee5-4df7-8ae8-71ad11d4f75f",{"ttl":60}]
["note","E5-S5-T3",1774438086,"3357fe85-aee5-4df7-8ae8-71ad11d4f75f",{"msg":"Added CitationAcceptanceCount int to IssueRef, AcceptedRiskNodes int and AcceptedRiskPct float64 to Coverage. Updated Compute to classify issues with no source link but \u003e=1 CitationAcceptance as accepted risk. Updated pipeline.go to populate CitationAcceptanceCount from len(issue.CitationAcceptances). All three required tests pass. make check green: 363 tests, 0 failures."}]
["decision","E5-S5-T3",1774438090,"3357fe85-aee5-4df7-8ae8-71ad11d4f75f",{"topic":"AcceptedRisk classification","choice":"accepted-risk = no source link AND CitationAcceptanceCount \u003e 0; issue still appears in Uncited","rationale":"An acceptance record is a deliberate risk decision, not a citation. The issue remains uncited (no source link) but is separately tracked as accepted risk so callers can distinguish gaps from conscious risk acceptance."}]
["transition","E5-S5-T3",1774438111,"3357fe85-aee5-4df7-8ae8-71ad11d4f75f",{"to":"done","outcome":"Added CitationAcceptanceCount to IssueRef, AcceptedRiskNodes/AcceptedRiskPct to Coverage; Compute updated to track accepted-risk separately; 3 new tests pass; make check green"}]
["claim","E5-S5-T4",1774438120,"3357fe85-aee5-4df7-8ae8-71ad11d4f75f",{"ttl":60}]
["note","E5-S5-T4",1774438286,"3357fe85-aee5-4df7-8ae8-71ad11d4f75f",{"msg":"Added TestToTraceabilityRefs_PopulatesCitationAcceptanceCount to engine_test.go; verifies that toTraceabilityRefs sets CitationAcceptanceCount to len(issue.CitationAcceptances) for each issue; make check green (all tests pass, coverage 85.4%, mutation efficacy 100%)"}]
["transition","E5-S5-T4",1774438296,"3357fe85-aee5-4df7-8ae8-71ad11d4f75f",{"to":"done","outcome":"TestToTraceabilityRefs_PopulatesCitationAcceptanceCount added to engine_test.go; pipeline.go already populated CitationAcceptanceCount from T3; make check green"}]
["claim","E5-S5-T5",1774438302,"3357fe85-aee5-4df7-8ae8-71ad11d4f75f",{"ttl":60}]
["note","E5-S5-T5",1774438479,"3357fe85-aee5-4df7-8ae8-71ad11d4f75f",{"msg":"Updated checkE7E8E12Citations in internal/validate/validate.go to treat CitationAcceptances \u003e 0 as satisfying the citation requirement (in addition to SourceLinks). Added three tests to validate_extra_test.go: TestValidate_CitationAccepted_SatisfiesCitationRequirement, TestValidate_CitationAccepted_NoManifest_CitationCheckSkipped, TestValidate_SourceLinkOnly_ManifestMembershipChecked. make check green: lint 0 issues, all tests pass, validate coverage 89.3%, total coverage 80.7%, mutation efficacy 100%, mutator coverage 85.84%."}]
["transition","E5-S5-T5",1774438490,"3357fe85-aee5-4df7-8ae8-71ad11d4f75f",{"to":"done","outcome":"checkE7E8E12Citations updated to treat CitationAcceptances as satisfying citation; 3 new tests pass; make check green"}]
["claim","E5-S5-T6",1774438496,"3357fe85-aee5-4df7-8ae8-71ad11d4f75f",{"ttl":60}]
["note","E5-S5-T6",1774439125,"3357fe85-aee5-4df7-8ae8-71ad11d4f75f",{"msg":"Updated validate command coverage output format: human format now outputs 'N/M cited' (simple) or 'N/M cited (X source-linked, Y accepted-risk)' (extended when accepted-risk\u003e0); JSON output now includes coverage object; added TestValidateCmd_CoverageOutput_HumanFormat test with two subtests; make check green (exit 0)"}]
["transition","E5-S5-T6",1774439138,"3357fe85-aee5-4df7-8ae8-71ad11d4f75f",{"to":"done","outcome":"validate command coverage output updated: simple 'N/M cited' format, extended with source-linked/accepted-risk breakdown; JSON includes coverage object; TestValidateCmd_CoverageOutput_HumanFormat passes; make check green"}]
