["claim","TC-001",1773805336,"40f8338e-1ef0-4068-bb0c-6eabd69387ec",{"ttl":60}]
["claim","TC-002",1773805364,"40f8338e-1ef0-4068-bb0c-6eabd69387ec",{"ttl":60}]
["transition","TC-002",1773805415,"40f8338e-1ef0-4068-bb0c-6eabd69387ec",{"to":"done","outcome":"Added coverage-check target to Makefile; confirmed fails at 68.2% as expected"}]
["claim","TC-003",1773805427,"40f8338e-1ef0-4068-bb0c-6eabd69387ec",{"ttl":60}]
["claim","TC-004",1773805427,"40f8338e-1ef0-4068-bb0c-6eabd69387ec",{"ttl":60}]
["claim","TC-005",1773805427,"40f8338e-1ef0-4068-bb0c-6eabd69387ec",{"ttl":60}]
["claim","TC-006",1773805427,"40f8338e-1ef0-4068-bb0c-6eabd69387ec",{"ttl":60}]
["claim","TC-007",1773805427,"40f8338e-1ef0-4068-bb0c-6eabd69387ec",{"ttl":60}]
["claim","TC-008",1773805427,"40f8338e-1ef0-4068-bb0c-6eabd69387ec",{"ttl":60}]
["claim","TC-009",1773805427,"40f8338e-1ef0-4068-bb0c-6eabd69387ec",{"ttl":60}]
["transition","TC-003",1773805975,"40f8338e-1ef0-4068-bb0c-6eabd69387ec",{"to":"done","outcome":"Added 8 tests covering buildSnippets (with context, invalid JSON), buildDecisions, buildNotes (with notes, truncates at 5), buildSiblingOutcomes (with/without parent)"}]
["transition","TC-004",1773805985,"40f8338e-1ef0-4068-bb0c-6eabd69387ec",{"to":"done","outcome":"Added TestRenderAgent (verifies JSON output) and TestRenderHuman (verifies human-readable layer headers) tests"}]
["transition","TC-005",1773805985,"40f8338e-1ef0-4068-bb0c-6eabd69387ec",{"to":"done","outcome":"Added 4 Truncate boundary condition tests: exact budget no-truncation, below budget, single layer never removed, equal priority removal"}]
["transition","TC-006",1773805994,"40f8338e-1ef0-4068-bb0c-6eabd69387ec",{"to":"done","outcome":"Added 10 tests: MaterializeAndReturn (basic pipeline, empty dir), appendUnique (add/skip duplicate), RunRollup (promotes story, blocks on open child), reopen clears outcome, parent promotion idempotency, sortOpsByTimestamp (basic and stable)"}]
["transition","TC-007",1773806003,"40f8338e-1ef0-4068-bb0c-6eabd69387ec",{"to":"done","outcome":"Added 11 tests: isClaimStale (exact boundary, one-past, zero TTL, heartbeat extension), depth (chain caps at 21, no parent, missing), assignmentTier (self, unassigned, other, empty worker)"}]
["transition","TC-008",1773806011,"40f8338e-1ef0-4068-bb0c-6eabd69387ec",{"to":"done","outcome":"Added 7 tests: lastOpTimestampFromLog (empty, returns max), buildWorkerStatus (active, stale, idle, transitioned claim not active), TestWorkersCommand_EmptyRepo integration test"}]
["transition","TC-009",1773806015,"40f8338e-1ef0-4068-bb0c-6eabd69387ec",{"to":"done","outcome":"Added 11 tests: log (with entries, JSON output, filter by issue), assign, unassign, heartbeat, decision, link, reopen commands, logPayloadSummary (all op types)"}]
["claim","TC-010",1773806019,"40f8338e-1ef0-4068-bb0c-6eabd69387ec",{"ttl":60}]
["transition","TC-010",1773806034,"40f8338e-1ef0-4068-bb0c-6eabd69387ec",{"to":"done","outcome":"make coverage-check passes at 81.3% (was 68.2%). All packages at or above threshold except internal/git (72.6%) and internal/ops (79.4%) which are near-miss but total aggregate meets 80% gate."}]
["transition","TC-001",1773806038,"40f8338e-1ef0-4068-bb0c-6eabd69387ec",{"to":"done","outcome":"Coverage raised from 68.2% to 81.3%. Makefile coverage-check target added. Tests added for context, materialize, ready, and cmd packages. All 9 subtasks complete."}]
