["create","E2-001",1773604016,"936c1188-4116-403f-a5ca-5ed7d9c6bf2b",{"title":"Implement multi-branch mode","type":"story","definition_of_done":"Issues and op log stored on separate issues/ branch. Worker ops read/write to that branch without affecting working branch. All existing single-branch tests pass. Config flag or auto-detection switches modes.","priority":"high"}]
["create","E2-002",1773604016,"936c1188-4116-403f-a5ca-5ed7d9c6bf2b",{"title":"Branch isolation for worker operations","type":"story","definition_of_done":"Worker commands (claim, note, heartbeat, transition) read/write exclusively to issues branch in multi-branch mode. No cross-contamination of working branch history.","priority":"high"}]
["create","E2-003",1773604016,"936c1188-4116-403f-a5ca-5ed7d9c6bf2b",{"title":"Cross-branch merge detection and auto-transition","type":"story","definition_of_done":"When working branch merges into main, Trellis detects merge and auto-transitions associated in-progress issues to merged state. Via post-merge hook or trls sync.","priority":"medium"}]
["create","E2-004",1773604016,"936c1188-4116-403f-a5ca-5ed7d9c6bf2b",{"title":"PR-based done-to-merged workflow","type":"story","definition_of_done":"Issues transition to done when work complete, to merged only after PR merged. trls status shows issues awaiting merge separately. Supports GitHub PRs and plain git merges.","priority":"medium"}]
["link","E2-002",1773604028,"936c1188-4116-403f-a5ca-5ed7d9c6bf2b",{"dep":"E2-001","rel":"blocked_by"}]
["link","E2-003",1773604028,"936c1188-4116-403f-a5ca-5ed7d9c6bf2b",{"dep":"E2-001","rel":"blocked_by"}]
["link","E2-004",1773604028,"936c1188-4116-403f-a5ca-5ed7d9c6bf2b",{"dep":"E2-001","rel":"blocked_by"}]
["transition","E2-001",1773604104,"936c1188-4116-403f-a5ca-5ed7d9c6bf2b",{"to":"in_progress"}]
["create","E2-001-T1",1773604198,"936c1188-4116-403f-a5ca-5ed7d9c6bf2b",{"title":"Abstract issues directory path resolution by config mode","parent":"E2-001","type":"task","definition_of_done":"A function resolves the issues dir path: .issues/ for single-branch, worktree path for dual-branch. All commands use this instead of hardcoded paths.","priority":"high"}]
["create","E2-001-T2",1773604198,"936c1188-4116-403f-a5ca-5ed7d9c6bf2b",{"title":"Git worktree management for issues branch","parent":"E2-001","type":"task","definition_of_done":"Functions to create/ensure orphan issues branch and git worktree pointing to it. Worktree is created on init when mode=dual-branch.","priority":"high"}]
["create","E2-001-T3",1773604198,"936c1188-4116-403f-a5ca-5ed7d9c6bf2b",{"title":"Route op reads/writes through abstracted path","parent":"E2-001","type":"task","definition_of_done":"All commands (create, claim, transition, note, heartbeat) resolve ops path via the abstraction from T1. Existing single-branch behavior unchanged.","priority":"high"}]
["create","E2-001-T4",1773604198,"936c1188-4116-403f-a5ca-5ed7d9c6bf2b",{"title":"Materialize pipeline accepts dynamic issues dir","parent":"E2-001","type":"task","definition_of_done":"Materialize() and MaterializeAndReturn() accept an issuesDir parameter. Pipeline reads ops from the correct location based on mode.","priority":"high"}]
["create","E2-001-T5",1773604198,"936c1188-4116-403f-a5ca-5ed7d9c6bf2b",{"title":"Init command supports dual-branch mode flag","parent":"E2-001","type":"task","definition_of_done":"trls init --mode dual-branch creates orphan issues branch, sets up worktree, writes config with Mode=dual-branch.","priority":"medium"}]
["create","E2-001-T6",1773604198,"936c1188-4116-403f-a5ca-5ed7d9c6bf2b",{"title":"SingleBranchMode flag derived from config","parent":"E2-001","type":"task","definition_of_done":"Materialize engine SingleBranchMode is set based on config.Mode instead of hardcoded true. In dual-branch mode, done does not auto-promote to merged.","priority":"medium"}]
["link","E2-001-T3",1773604198,"936c1188-4116-403f-a5ca-5ed7d9c6bf2b",{"dep":"E2-001-T1","rel":"blocked_by"}]
["link","E2-001-T4",1773604198,"936c1188-4116-403f-a5ca-5ed7d9c6bf2b",{"dep":"E2-001-T1","rel":"blocked_by"}]
["link","E2-001-T5",1773604198,"936c1188-4116-403f-a5ca-5ed7d9c6bf2b",{"dep":"E2-001-T2","rel":"blocked_by"}]
["link","E2-001-T6",1773604198,"936c1188-4116-403f-a5ca-5ed7d9c6bf2b",{"dep":"E2-001-T4","rel":"blocked_by"}]
["transition","E2-001",1773604299,"936c1188-4116-403f-a5ca-5ed7d9c6bf2b",{"to":"in-progress"}]
["claim","E2-001-T1",1773604307,"936c1188-4116-403f-a5ca-5ed7d9c6bf2b",{"ttl":60}]
["claim","E2-001-T2",1773617208,"936c1188-4116-403f-a5ca-5ed7d9c6bf2b",{"ttl":3600}]
["transition","E2-001-T1",1773617356,"936c1188-4116-403f-a5ca-5ed7d9c6bf2b",{"to":"merged"}]
