["claim","E4-S1-T1",1773921088,"b447df5b-69ae-406c-a9f2-47d94bf3fdb9",{"ttl":60}]
["note","E4-S1-T1",1773921359,"b447df5b-69ae-406c-a9f2-47d94bf3fdb9",{"msg":"Added bubbletea v1.3.4, lipgloss v1.1.0, glamour v0.8.0, bubbles v0.20.0; go build passes"}]
["transition","E4-S1-T1",1773921371,"b447df5b-69ae-406c-a9f2-47d94bf3fdb9",{"to":"done","outcome":"Added bubbletea v1.3.4, lipgloss v1.1.0, glamour v0.8.0, bubbles v0.20.0 to go.mod; pinned via tools.go blank imports; go build ./... passes"}]
["claim","E4-S1-T2",1773921396,"b447df5b-69ae-406c-a9f2-47d94bf3fdb9",{"ttl":60}]
["note","E4-S1-T2",1773921441,"b447df5b-69ae-406c-a9f2-47d94bf3fdb9",{"msg":"Created internal/tui/colors.go with 7 semantic lipgloss.Style vars (Critical=#FF0000 red, Warning=#FFCC00 yellow, Advisory=#FF8C00 orange, OK=#00CC44 green, Info=#00CCFF cyan, Muted=#808080 grey, ActionRequired=#CC44FF magenta). TestSemanticPalette passes; go build ./... clean."}]
["transition","E4-S1-T2",1773921451,"b447df5b-69ae-406c-a9f2-47d94bf3fdb9",{"to":"done","outcome":"Created internal/tui/colors.go with 7 lipgloss.Style vars (Critical=#FF0000, Warning=#FFCC00, Advisory=#FF8C00, OK=#00CC44, Info=#00CCFF, Muted=#808080, ActionRequired=#CC44FF); TestSemanticPalette passes"}]
["claim","E4-S1-T3",1773921462,"b447df5b-69ae-406c-a9f2-47d94bf3fdb9",{"ttl":60}]
["note","E4-S1-T3",1773921496,"b447df5b-69ae-406c-a9f2-47d94bf3fdb9",{"msg":"Implemented IsTerminal() in internal/tui/tty.go using golang.org/x/term (already in go.mod). TestIsTerminalReturnsFalseInTests passes; go build ./... clean."}]
["transition","E4-S1-T3",1773921508,"b447df5b-69ae-406c-a9f2-47d94bf3fdb9",{"to":"done","outcome":"Created internal/tui/tty.go with IsTerminal() using golang.org/x/term; TestIsTerminalReturnsFalseInTests passes"}]
["claim","E4-S1-T4",1773921514,"b447df5b-69ae-406c-a9f2-47d94bf3fdb9",{"ttl":60}]
["note","E4-S1-T4",1773921580,"b447df5b-69ae-406c-a9f2-47d94bf3fdb9",{"msg":"Implemented IsInteractive helper: added SetFormat(f string) and IsInteractive() bool to internal/tui/tty.go; wired SetFormat into root PersistentPreRunE in cmd/trellis/main.go; added TestIsInteractive* tests covering json/agent/no-TTY cases. All tests pass, build clean."}]
["transition","E4-S1-T4",1773921592,"b447df5b-69ae-406c-a9f2-47d94bf3fdb9",{"to":"done","outcome":"Added SetFormat/IsInteractive to internal/tui/tty.go; wired SetFormat in root PersistentPreRunE; TestIsInteractive* passes"}]
["claim","E4-S1-T5",1773921595,"b447df5b-69ae-406c-a9f2-47d94bf3fdb9",{"ttl":60}]
["note","E4-S1-T5",1773965339,"b447df5b-69ae-406c-a9f2-47d94bf3fdb9",{"msg":"Implemented NewSpinner, NewProgressBar, NewTable, NewViewport constructors in internal/tui/components.go using bubbles v0.20.0. Added missing go.sum entry for charmbracelet/harmonica (transitive dep of bubbles/progress). go build ./internal/tui/... and go build ./... both pass."}]
["transition","E4-S1-T5",1773965386,"b447df5b-69ae-406c-a9f2-47d94bf3fdb9",{"to":"done","outcome":"Created internal/tui/components.go with NewSpinner, NewProgressBar, NewTable, NewViewport; go build passes"}]
["claim","E4-S4",1773965419,"b447df5b-69ae-406c-a9f2-47d94bf3fdb9",{"ttl":60}]
["transition","E4-S1",1773965432,"b447df5b-69ae-406c-a9f2-47d94bf3fdb9",{"to":"done","outcome":"Charm TUI foundation complete: dependencies, semantic colors, TTY detection, IsInteractive helper, Bubbles component wrappers"}]
["assign","E4-S4",1773967353,"b447df5b-69ae-406c-a9f2-47d94bf3fdb9",{}]
["transition","E4-S4",1773967369,"b447df5b-69ae-406c-a9f2-47d94bf3fdb9",{"to":"in-progress"}]
["claim","E4-S4-T1",1773967375,"b447df5b-69ae-406c-a9f2-47d94bf3fdb9",{"ttl":60}]
["note","E4-S4-T1",1773967622,"b447df5b-69ae-406c-a9f2-47d94bf3fdb9",{"msg":"Implemented internal/sources/types.go: SourceEntry struct (ID, URL, Title, Fingerprint, LastSynced, ProviderType with JSON tags), Manifest struct with Get/Upsert/Marshal/Unmarshal methods, and Provider interface (Fetch/Type). TestManifestRoundTrip passes. go test ./internal/sources/... and go build ./... both pass."}]
["transition","E4-S4-T1",1773967638,"b447df5b-69ae-406c-a9f2-47d94bf3fdb9",{"to":"done","outcome":"Created internal/sources/types.go with Provider interface, SourceEntry, Manifest (Get/Upsert/Marshal/Unmarshal); TestManifestRoundTrip passes"}]
["claim","E4-S4-T2",1773967644,"b447df5b-69ae-406c-a9f2-47d94bf3fdb9",{"ttl":60}]
["note","E4-S4-T2",1773967716,"b447df5b-69ae-406c-a9f2-47d94bf3fdb9",{"msg":"Implemented ReadManifest/WriteManifest/WriteCache/ReadCache in internal/sources/manifest.go. ReadManifest returns empty Manifest (no error) when file is absent; WriteManifest writes atomically via temp-file rename. TestManifestPersistence and TestReadManifestMissingReturnsEmpty both pass. go build ./... clean."}]
["transition","E4-S4-T2",1773967741,"b447df5b-69ae-406c-a9f2-47d94bf3fdb9",{"to":"done","outcome":"ReadManifest/WriteManifest/WriteCache/ReadCache in internal/sources/manifest.go; TestManifestPersistence and TestReadManifestMissingReturnsEmpty pass"}]
["claim","E4-S4-T3",1773967746,"b447df5b-69ae-406c-a9f2-47d94bf3fdb9",{"ttl":60}]
["note","E4-S4-T3",1773967806,"b447df5b-69ae-406c-a9f2-47d94bf3fdb9",{"msg":"Implemented Fingerprint([]byte) string in internal/sources/fingerprint.go using crypto/sha256 and encoding/hex. Added TestFingerprintKnownValue and TestFingerprintDifferentInputs in fingerprint_test.go. All tests pass (go test ./internal/sources/...) and go build ./... succeeds."}]
["transition","E4-S4-T3",1773967816,"b447df5b-69ae-406c-a9f2-47d94bf3fdb9",{"to":"done","outcome":"Fingerprint([]byte) string in internal/sources/fingerprint.go; TestFingerprintKnownValue and TestFingerprintDifferentInputs pass"}]
["claim","E4-S4-T4",1773967823,"b447df5b-69ae-406c-a9f2-47d94bf3fdb9",{"ttl":60}]
["note","E4-S4-T4",1773967901,"b447df5b-69ae-406c-a9f2-47d94bf3fdb9",{"msg":"Implemented FilesystemProvider in internal/sources/filesystem.go: Type() returns 'filesystem', Fetch() reads file at entry.URL via os.ReadFile. Provider interface returns []byte; SHA-256 fingerprint is computed by caller via Fingerprint(content) — documented in code. VersionID is empty for local files (no remote versioning). Tests in filesystem_test.go cover: correct Type(), content match, fingerprint correctness, empty versionID pattern, missing-file error, and interface satisfaction. All TestFilesystem* tests pass; go build ./... clean."}]
["transition","E4-S4-T4",1773967919,"b447df5b-69ae-406c-a9f2-47d94bf3fdb9",{"to":"done","outcome":"FilesystemProvider.Fetch reads local file; fingerprint computed by caller via Fingerprint(); 6 TestFilesystem* tests pass"}]
["claim","E4-S4-T5",1773967924,"b447df5b-69ae-406c-a9f2-47d94bf3fdb9",{"ttl":60}]
["note","E4-S4-T5",1773968006,"b447df5b-69ae-406c-a9f2-47d94bf3fdb9",{"msg":"Implemented Credentials struct in config.go, ConfluenceProvider in confluence.go (Bearer + Basic auth), SharePointProvider in sharepoint.go (Bearer auth). Added providers_test.go with TestConfluenceProviderFetch, TestConfluenceProviderFetchBasicAuth, TestSharePointProviderFetch, TestSharePointProviderFetchErrorStatus using net/http/httptest. All tests pass (go test ./internal/sources/...) and go build ./... succeeds."}]
["transition","E4-S4-T5",1773968023,"b447df5b-69ae-406c-a9f2-47d94bf3fdb9",{"to":"done","outcome":"ConfluenceProvider and SharePointProvider with Bearer/Basic auth; Credentials config; 4 TestProvider* tests pass"}]
["claim","E4-S4-T6",1773968028,"b447df5b-69ae-406c-a9f2-47d94bf3fdb9",{"ttl":60}]
["transition","E4-S4-T6",1773968453,"b447df5b-69ae-406c-a9f2-47d94bf3fdb9",{"to":"done","outcome":"sources add/sync/verify subcommands in cmd/trellis/sources.go; registered on root; go build passes; trls sources --help shows all 3 subcommands"}]
["transition","E4-S4",1773968458,"b447df5b-69ae-406c-a9f2-47d94bf3fdb9",{"to":"done","outcome":"Source Document Management complete: Provider interface, manifest persistence, fingerprinting, filesystem/Confluence/SharePoint providers, sources CLI commands"}]
["transition","E4-S7",1773968469,"b447df5b-69ae-406c-a9f2-47d94bf3fdb9",{"to":"in-progress"}]
["claim","E4-S7-T1",1773968475,"b447df5b-69ae-406c-a9f2-47d94bf3fdb9",{"ttl":60}]
["note","E4-S7-T1",1773968571,"b447df5b-69ae-406c-a9f2-47d94bf3fdb9",{"msg":"Implemented source-link and dag-transition op materialization: added SourceLink struct and Issue.SourceLinks field to state.go; added Provenance.DAGConfirmed bool; added SourceURL field to ops.Payload; added applySourceLink and applyDAGTransition handlers to engine.go replacing prior no-ops; added TestApplySourceLinkOp and TestApplyDAGTransitionOp; all tests pass, go build clean."}]
["transition","E4-S7-T1",1773968588,"b447df5b-69ae-406c-a9f2-47d94bf3fdb9",{"to":"done","outcome":"SourceLink type, Issue.SourceLinks, Provenance.DAGConfirmed added; applySourceLink and applyDAGTransition handlers; TestApplySourceLinkOp and TestApplyDAGTransitionOp pass"}]
["claim","E4-S7-T2",1773968593,"b447df5b-69ae-406c-a9f2-47d94bf3fdb9",{"ttl":60}]
["note","E4-S7-T2",1773968839,"b447df5b-69ae-406c-a9f2-47d94bf3fdb9",{"msg":"Implemented traceability coverage: Coverage{TotalNodes, CitedNodes, CoveragePct, Uncited []string} in internal/traceability/traceability.go. Compute() accepts []IssueRef (cycle-safe), Write/Read to traceability.json (atomic). Pipeline writes traceability.json after materialization in both Materialize and MaterializeAndReturn. TestCoverageAllCited, TestCoverageNoneCited, TestCoveragePartial all pass. go build ./... clean."}]
["transition","E4-S7-T2",1773968854,"b447df5b-69ae-406c-a9f2-47d94bf3fdb9",{"to":"done","outcome":"Coverage struct with Compute/Write/Read; pipeline writes traceability.json; import cycle resolved via IssueRef adapter; TestCoverage* (3 tests) pass"}]
["transition","E4-S7",1773968860,"b447df5b-69ae-406c-a9f2-47d94bf3fdb9",{"to":"done","outcome":"Traceability complete: source-link/dag-transition ops, Coverage computation, traceability.json written by pipeline"}]
["transition","E4-S2",1773968866,"b447df5b-69ae-406c-a9f2-47d94bf3fdb9",{"to":"in-progress"}]
["claim","E4-S2-T1",1773968866,"b447df5b-69ae-406c-a9f2-47d94bf3fdb9",{"ttl":60}]
["note","E4-S2-T1",1773969018,"b447df5b-69ae-406c-a9f2-47d94bf3fdb9",{"msg":"Updated RenderHuman in internal/context/render.go to use glamour.Render with ascii style, falling back to plain text on error. All tests pass (go test ./internal/context/...) and build succeeds (go build ./...)."}]
["transition","E4-S2-T1",1773969045,"b447df5b-69ae-406c-a9f2-47d94bf3fdb9",{"to":"done","outcome":"RenderHuman uses glamour.Render with ascii style and plain-text fallback; TestRenderHuman passes"}]
["transition","E4-S2",1773969052,"b447df5b-69ae-406c-a9f2-47d94bf3fdb9",{"to":"done","outcome":"Glamour markdown render with plain-text fallback in RenderHuman; tests pass"}]
["transition","E4-S3",1773969059,"b447df5b-69ae-406c-a9f2-47d94bf3fdb9",{"to":"in-progress"}]
["claim","E4-S3-T1",1773969059,"b447df5b-69ae-406c-a9f2-47d94bf3fdb9",{"ttl":60}]
["note","E4-S3-T1",1773969315,"b447df5b-69ae-406c-a9f2-47d94bf3fdb9",{"msg":"Implemented full W1-W11 and E2-E12 validation checks in validate.go with Options/Result types. Updated validate_test.go with new W*/E* tests. All TestW* and TestE* tests pass. go build ./... clean."}]
["transition","E4-S3-T1",1773969339,"b447df5b-69ae-406c-a9f2-47d94bf3fdb9",{"to":"done","outcome":"Full W1-W11 and E2-E12 validation checks implemented with Options/Result types; all TestW* and TestE* tests pass"}]
["claim","E4-S3-T2",1773969354,"b447df5b-69ae-406c-a9f2-47d94bf3fdb9",{"ttl":60}]
["transition","E4-S3-T2",1773969441,"b447df5b-69ae-406c-a9f2-47d94bf3fdb9",{"to":"done","outcome":"validate command has --scope, --strict, --ci flags; --format json outputs errors/warnings JSON; coverage output in human mode; go build passes"}]
["transition","E4-S3",1773969448,"b447df5b-69ae-406c-a9f2-47d94bf3fdb9",{"to":"done","outcome":"Full validation suite complete: W1-W11 warnings, E2-E12 errors, --scope/--strict/--ci flags, JSON output"}]
["transition","E4-S5",1773969455,"b447df5b-69ae-406c-a9f2-47d94bf3fdb9",{"to":"in-progress"}]
["claim","E4-S5-T1",1773969455,"b447df5b-69ae-406c-a9f2-47d94bf3fdb9",{"ttl":60}]
["note","E4-S5-T1",1773969655,"b447df5b-69ae-406c-a9f2-47d94bf3fdb9",{"msg":"Implemented full decompose-context: created context.go with BuildContext/template interpolation, deleted context_stub.go, added --sources/--template/--output/--existing-dag flags to CLI, added TestDecomposeContextNoSources and TestDecomposeContextWithSources tests; all tests pass and build succeeds"}]
["transition","E4-S5-T1",1773969694,"b447df5b-69ae-406c-a9f2-47d94bf3fdb9",{"to":"done","outcome":"BuildContext with SOURCES/EXISTING_DAG/PLAN_SCHEMA/CONSTRAINTS interpolation; context_stub.go deleted; --sources/--template/--output/--existing-dag CLI flags; TestDecomposeContext* passes"}]
["transition","E4-S5",1773969701,"b447df5b-69ae-406c-a9f2-47d94bf3fdb9",{"to":"done","outcome":"Full decompose-context with template interpolation, source cache, and full CLI flags"}]
["transition","E4-S6",1773969708,"b447df5b-69ae-406c-a9f2-47d94bf3fdb9",{"to":"in-progress"}]
["claim","E4-S6-T1",1773969708,"b447df5b-69ae-406c-a9f2-47d94bf3fdb9",{"ttl":60}]
["note","E4-S6-T1",1773969843,"b447df5b-69ae-406c-a9f2-47d94bf3fdb9",{"msg":"Implemented dagsum BubbleTea model: created keys.go with KeyMap/DefaultKeyMap, model.go with Model struct (New/Total/Confirmed/Cursor/ConfirmedIDs/Done), ConfirmMsg/SkipMsg/EmitDAGTransitionMsg message types, confirm/skip logic with cursor advancement and allReviewed detection. All four tests pass: TestNewModelHasAllItems, TestConfirmAdvancesCursor, TestAllConfirmedProducesOps, TestSkipDoesNotConfirm. go build ./... passes cleanly."}]
["transition","E4-S6-T1",1773969859,"b447df5b-69ae-406c-a9f2-47d94bf3fdb9",{"to":"done","outcome":"dagsum.Model with New/Total/Confirmed/Cursor/ConfirmedIDs; ConfirmMsg/SkipMsg handled; all 4 TestNewModelHasAllItems/TestConfirmAdvancesCursor/TestAllConfirmedProducesOps/TestSkipDoesNotConfirm pass"}]
["claim","E4-S6-T2",1773969867,"b447df5b-69ae-406c-a9f2-47d94bf3fdb9",{"ttl":60}]
["note","E4-S6-T2",1773970393,"b447df5b-69ae-406c-a9f2-47d94bf3fdb9",{"msg":"Implemented dag-summary command in cmd/trellis/dagsum.go: registers dag-summary cobra command, non-interactive path outputs JSON of pending items, interactive path runs TUI via dagsum.New/tea.NewProgram, emits dag-transition ops via appendLowStakesOp, writes dag-summary.md artifact. Registered in main.go. go build passes and --help shows command."}]
["transition","E4-S6-T2",1773970413,"b447df5b-69ae-406c-a9f2-47d94bf3fdb9",{"to":"done","outcome":"dag-summary command registered; non-interactive JSON path; interactive TUI with dag-transition ops and dag-summary.md artifact; go build passes"}]
["transition","E4-S6",1773970417,"b447df5b-69ae-406c-a9f2-47d94bf3fdb9",{"to":"done","outcome":"DAG Summary TUI complete: BubbleTea model, dag-summary command, non-interactive JSON, dag-summary.md artifact"}]
["transition","E4-S8",1773970422,"b447df5b-69ae-406c-a9f2-47d94bf3fdb9",{"to":"in-progress"}]
["claim","E4-S8-T1",1773970422,"b447df5b-69ae-406c-a9f2-47d94bf3fdb9",{"ttl":60}]
["note","E4-S8-T1",1773971101,"b447df5b-69ae-406c-a9f2-47d94bf3fdb9",{"msg":"Implemented importbf package with ParseCSV/ParseJSON returning ImportedIssue with imported provenance; added import command (CSV/JSON, --source, --dry-run, --format=json); added confirm command emitting dag-transition op; all 3 tests pass, build clean"}]
["transition","E4-S8-T1",1773971127,"b447df5b-69ae-406c-a9f2-47d94bf3fdb9",{"to":"done","outcome":"ParseCSV/ParseJSON with imported provenance; import/confirm commands registered; TestParseCSV/TestParseJSON/TestImportedItemsHaveCorrectProvenance pass"}]
["transition","E4-S8",1773971140,"b447df5b-69ae-406c-a9f2-47d94bf3fdb9",{"to":"done","outcome":"Brownfield import complete: CSV/JSON parser, import/confirm commands, --format=json output"}]
["transition","E4-S9",1773971154,"b447df5b-69ae-406c-a9f2-47d94bf3fdb9",{"to":"in-progress"}]
["claim","E4-S9-T1",1773971154,"b447df5b-69ae-406c-a9f2-47d94bf3fdb9",{"ttl":60}]
["transition","E4-S9-T1",1773971654,"b447df5b-69ae-406c-a9f2-47d94bf3fdb9",{"to":"done","outcome":"stalereview.Model with ReviewItem/ConfirmMsg/FlagMsg/SkipMsg; stale-review command with JSON and TUI paths; note ops emitted; TestNewModelHasItems/TestConfirmRecordsDecision pass; all tests pass"}]
