["amend","E3",1774406299,"d4bbab1d-95f3-4d49-89e5-3ac2e620cbb0",{"type":"epic"}]
["amend","E5-S1-T1",1774406313,"d4bbab1d-95f3-4d49-89e5-3ac2e620cbb0",{"acceptance":[{"type":"test_passes","cmd":"go test ./... -run TestTransitionToOpen","description":"TestTransitionToOpen and TestTransitionToOpenRejectsInvalidAlias pass"}]}]
["amend","E5-S1-T2",1774406313,"d4bbab1d-95f3-4d49-89e5-3ac2e620cbb0",{"acceptance":[{"type":"test_passes","cmd":"go test ./internal/ready/... -run TestStaleClaims","description":"StaleClaims unit tests pass; stale diagnostic shown in ready output"}]}]
["amend","E5-S1-T3",1774406313,"d4bbab1d-95f3-4d49-89e5-3ac2e620cbb0",{"acceptance":[{"type":"test_passes","cmd":"go test ./cmd/trellis/ -run TestClaimAutoAdvancesParent","description":"Claiming a task auto-transitions parent story/epic to in-progress"}]}]
["amend","E5-S1-T4",1774406314,"d4bbab1d-95f3-4d49-89e5-3ac2e620cbb0",{"acceptance":[{"type":"test_passes","cmd":"go test ./cmd/trellis/ -run TestUnassignReleasesClaimedStatus","description":"unassign on claimed issue transitions to open; child tasks unblocked"}]}]
["amend","E5-S1-T5",1774406314,"d4bbab1d-95f3-4d49-89e5-3ac2e620cbb0",{"acceptance":[{"type":"test_passes","cmd":"go test ./cmd/trellis/ -run TestDecomposeApplyExampleFlag","description":"trls decompose-apply --example prints valid minimal plan JSON"}]}]
["amend","E5-S1-T6",1774406314,"d4bbab1d-95f3-4d49-89e5-3ac2e620cbb0",{"acceptance":[{"type":"test_passes","cmd":"go test ./cmd/trellis/ -run TestList","description":"trls list shows all issues; --type and --parent filter correctly; --format json outputs structured data"}]}]
["amend","E5-S1-T7",1774406314,"d4bbab1d-95f3-4d49-89e5-3ac2e620cbb0",{"acceptance":[{"type":"test_passes","cmd":"go test ./cmd/trellis/ -run TestDecomposeApplyDryRun","description":"--dry-run validates and prints without writing ops; SKILL.md has workflow section"}]}]
["amend","E5-S1-T8",1774406314,"d4bbab1d-95f3-4d49-89e5-3ac2e620cbb0",{"acceptance":[{"type":"test_passes","cmd":"go test ./cmd/trellis/ -run TestDecomposeApply","description":"--strict, --generate-ids, --root flags implemented and tested"}]}]
["amend","E5-S2-T1",1774406321,"d4bbab1d-95f3-4d49-89e5-3ac2e620cbb0",{"acceptance":[{"type":"test_passes","cmd":"go test ./... -run TestBoard","description":"BubbleTea model with three columns, navigation, and detail viewport; unit tests pass"}]}]
["amend","E5-S2-T2",1774406321,"d4bbab1d-95f3-4d49-89e5-3ac2e620cbb0",{"acceptance":[{"type":"test_passes","cmd":"go test ./cmd/trellis/ -run TestTUI","description":"trls tui launches board, auto-refreshes every 5s, q quits cleanly"}]}]
["amend","E5-S2-T3",1774406321,"d4bbab1d-95f3-4d49-89e5-3ac2e620cbb0",{"acceptance":[{"type":"test_passes","cmd":"go test ./cmd/trellis/ -run TestReady","description":"trls ready on TTY launches selection TUI; --format=json bypasses TUI entirely"}]}]
["amend","E5-S3-T1",1774406349,"d4bbab1d-95f3-4d49-89e5-3ac2e620cbb0",{"acceptance":[{"type":"test_passes","cmd":"go test ./internal/git/...","description":"ListFilesAtCommit, ShowFileAtCommit, LogBranch pass tests against real git repo"}]}]
["amend","E5-S3-T2",1774406349,"d4bbab1d-95f3-4d49-89e5-3ac2e620cbb0",{"acceptance":[{"type":"test_passes","cmd":"go test ./internal/materialize/... -run TestMaterializeAtSHA","description":"MaterializeAtSHA returns correct state as of given commit"}]}]
["amend","E5-S3-T3",1774406349,"d4bbab1d-95f3-4d49-89e5-3ac2e620cbb0",{"acceptance":[{"type":"test_passes","cmd":"go test ./cmd/trellis/ -run TestRenderContextAt","description":"render-context --at \u003csha\u003e returns context as of that SHA"}]}]
["amend","E5-S3-T4",1774406349,"d4bbab1d-95f3-4d49-89e5-3ac2e620cbb0",{"acceptance":[{"type":"test_passes","cmd":"go test ./cmd/trellis/ -run TestContextHistory","description":"context-history --issue lists commit SHAs where context changed"}]}]
["amend","E5-S3-T5",1774406349,"d4bbab1d-95f3-4d49-89e5-3ac2e620cbb0",{"acceptance":[{"type":"test_passes","cmd":"go test ./cmd/trellis/ -run TestMaterializeExcludeWorker","description":"materialize --exclude-worker \u003cid\u003e skips that worker's ops"}]}]
["amend","E5-S4-T1",1774406358,"d4bbab1d-95f3-4d49-89e5-3ac2e620cbb0",{"acceptance":[{"type":"manual_review","description":"README cold-readable; install path clear; quickstart runnable without other docs"}]}]
["amend","E5-S4-T2",1774406358,"d4bbab1d-95f3-4d49-89e5-3ac2e620cbb0",{"acceptance":[{"type":"manual_review","description":"getting-started.md runnable from fresh clone; covers solo and dual-branch modes; all commands copy-pasteable"}]}]
["amend","E5-S4-T3",1774406358,"d4bbab1d-95f3-4d49-89e5-3ac2e620cbb0",{"acceptance":[{"type":"manual_review","description":"commands.md documents every trls subcommand with synopsis, flags, examples, and notes; includes all E5 additions"}]}]
["amend","E5-S4-T4",1774406358,"d4bbab1d-95f3-4d49-89e5-3ac2e620cbb0",{"acceptance":[{"type":"manual_review","description":"use-cases.md covers P1-P5 personas; multi-agent conflict scenario documented"}]}]
