["claim","E3",1773711118,"ee18c4e1-6ba5-4aeb-bc18-671f5dc38e4b",{"ttl":60}]
["note","E3-001-T1",1773715891,"ee18c4e1-6ba5-4aeb-bc18-671f5dc38e4b",{"msg":"Scope overlap with E3 detected at claim time"}]
["note","E3",1773715891,"ee18c4e1-6ba5-4aeb-bc18-671f5dc38e4b",{"msg":"Scope overlap with E3-001-T1 detected at claim time"}]
["claim","E3-001-T1",1773715891,"ee18c4e1-6ba5-4aeb-bc18-671f5dc38e4b",{"ttl":60}]
["transition","E3-001-T1",1773715924,"ee18c4e1-6ba5-4aeb-bc18-671f5dc38e4b",{"to":"done","outcome":"Added LowStakesPushThreshold int field to Config struct with json tag. DefaultConfig returns 5. Tests pass."}]
["note","E3-001-T2",1773715929,"ee18c4e1-6ba5-4aeb-bc18-671f5dc38e4b",{"msg":"Scope overlap with E3 detected at claim time"}]
["note","E3",1773715929,"ee18c4e1-6ba5-4aeb-bc18-671f5dc38e4b",{"msg":"Scope overlap with E3-001-T2 detected at claim time"}]
["note","E3-001-T2",1773715929,"ee18c4e1-6ba5-4aeb-bc18-671f5dc38e4b",{"msg":"Scope overlap with E3-001 detected at claim time"}]
["note","E3-001",1773715929,"ee18c4e1-6ba5-4aeb-bc18-671f5dc38e4b",{"msg":"Scope overlap with E3-001-T2 detected at claim time"}]
["claim","E3-001-T2",1773715929,"ee18c4e1-6ba5-4aeb-bc18-671f5dc38e4b",{"ttl":60}]
["transition","E3-001-T2",1773715989,"ee18c4e1-6ba5-4aeb-bc18-671f5dc38e4b",{"to":"done","outcome":"Added Push(branch string) and FetchAndRebase(branch string) methods to git.Client. Tests: fast-forward push succeeds, rejected push returns error, FetchAndRebase+Push succeeds after rejection. All pass."}]
["note","E3-001-T3",1773715997,"ee18c4e1-6ba5-4aeb-bc18-671f5dc38e4b",{"msg":"Scope overlap with E3 detected at claim time"}]
["note","E3",1773715997,"ee18c4e1-6ba5-4aeb-bc18-671f5dc38e4b",{"msg":"Scope overlap with E3-001-T3 detected at claim time"}]
["claim","E3-001-T3",1773715997,"ee18c4e1-6ba5-4aeb-bc18-671f5dc38e4b",{"ttl":60}]
["transition","E3-001-T3",1773716048,"ee18c4e1-6ba5-4aeb-bc18-671f5dc38e4b",{"to":"done","outcome":"Added Pusher interface, NoPusher no-op, and AppendCommitAndPush with 4-attempt backoff (0s/2s/4s). Tests: single-branch skips push, dual-branch pushes, all-fail returns error. All pass."}]
["note","E3-001-T4",1773716059,"ee18c4e1-6ba5-4aeb-bc18-671f5dc38e4b",{"msg":"Scope overlap with E3 detected at claim time"}]
["note","E3",1773716059,"ee18c4e1-6ba5-4aeb-bc18-671f5dc38e4b",{"msg":"Scope overlap with E3-001-T4 detected at claim time"}]
["claim","E3-001-T4",1773716059,"ee18c4e1-6ba5-4aeb-bc18-671f5dc38e4b",{"ttl":60}]
["transition","E3-001-T4",1773716100,"ee18c4e1-6ba5-4aeb-bc18-671f5dc38e4b",{"to":"done","outcome":"Added PendingPushTracker interface, FilePushTracker persisting to .issues/state/pending-push-count, and NoTracker no-op. Tests: increment/reset, persistence across instances, default threshold (5). All pass."}]
["claim","E3-001-T5",1773716105,"ee18c4e1-6ba5-4aeb-bc18-671f5dc38e4b",{"ttl":60}]
["transition","E3-001-T5",1773716233,"ee18c4e1-6ba5-4aeb-bc18-671f5dc38e4b",{"to":"done","outcome":"Added initPushDeps, appendHighStakesOp, appendLowStakesOp to helpers.go. PersistentPreRunE calls initPushDeps. claim/transition use appendHighStakesOp; note/heartbeat/decision use appendLowStakesOp. Push is best-effort so tests without remotes still pass. Full test suite passes."}]
["note","E3-003-T6",1773716242,"ee18c4e1-6ba5-4aeb-bc18-671f5dc38e4b",{"msg":"Scope overlap with E3 detected at claim time"}]
["note","E3",1773716242,"ee18c4e1-6ba5-4aeb-bc18-671f5dc38e4b",{"msg":"Scope overlap with E3-003-T6 detected at claim time"}]
["claim","E3-003-T6",1773716242,"ee18c4e1-6ba5-4aeb-bc18-671f5dc38e4b",{"ttl":60}]
["transition","E3-003-T6",1773716340,"ee18c4e1-6ba5-4aeb-bc18-671f5dc38e4b",{"to":"done","outcome":"Created internal/audit/audit.go with Load function: walks ops/*.log, merges by timestamp, applies Filter (by issue/worker/since), marks LostRace via claim.ResolveClaim. Tests: all-ops, filter-by-issue, filter-by-worker, filter-by-since, lost-race, empty-dir, non-existent-dir. All pass."}]
["claim","E3-003-T7",1773716347,"ee18c4e1-6ba5-4aeb-bc18-671f5dc38e4b",{"ttl":60}]
["transition","E3-003-T7",1773716399,"ee18c4e1-6ba5-4aeb-bc18-671f5dc38e4b",{"to":"done","outcome":"Created cmd/trellis/log.go: newLogCmd with --issue, --worker, --since flags. Human-readable output with [lost race] marker. --json outputs JSONL with _lost_race field. Registered in main.go. logPayloadSummary handles all current op types; OpAssign case to be added in T8."}]
["note","E3-004-T8",1773716411,"ee18c4e1-6ba5-4aeb-bc18-671f5dc38e4b",{"msg":"Scope overlap with E3 detected at claim time"}]
["note","E3",1773716411,"ee18c4e1-6ba5-4aeb-bc18-671f5dc38e4b",{"msg":"Scope overlap with E3-004-T8 detected at claim time"}]
["claim","E3-004-T8",1773716411,"ee18c4e1-6ba5-4aeb-bc18-671f5dc38e4b",{"ttl":60}]
["transition","E3-004-T8",1773716491,"ee18c4e1-6ba5-4aeb-bc18-671f5dc38e4b",{"to":"done","outcome":"Added OpAssign='assign' constant to types.go. Updated ValidOpTypes. Added AssignedTo field to Payload. Updated schema. Added OpAssign case to logPayloadSummary in log.go. Updated property round-trip test to include OpAssign. All tests pass."}]
["note","E3-004-T9",1773716508,"ee18c4e1-6ba5-4aeb-bc18-671f5dc38e4b",{"msg":"Scope overlap with E3 detected at claim time"}]
["note","E3",1773716508,"ee18c4e1-6ba5-4aeb-bc18-671f5dc38e4b",{"msg":"Scope overlap with E3-004-T9 detected at claim time"}]
["claim","E3-004-T9",1773716508,"ee18c4e1-6ba5-4aeb-bc18-671f5dc38e4b",{"ttl":60}]
["transition","E3-004-T9",1773716573,"ee18c4e1-6ba5-4aeb-bc18-671f5dc38e4b",{"to":"done","outcome":"Added AssignedWorker string field to Issue and IndexEntry. Implemented applyAssign in engine (tolerates unknown issues). BuildIndex maps AssignedWorker. Tests: apply assign, unassign, tolerates unknown issue, BuildIndex includes field. All pass."}]
["claim","E3-004-T10",1773716579,"ee18c4e1-6ba5-4aeb-bc18-671f5dc38e4b",{"ttl":60}]
["transition","E3-004-T10",1773716612,"ee18c4e1-6ba5-4aeb-bc18-671f5dc38e4b",{"to":"done","outcome":"Created cmd/trellis/assign.go with newAssignCmd (--issue, --worker required) and newUnassignCmd (--issue required). Both use appendHighStakesOp. Registered in main.go. All tests pass."}]
["note","E3-004-T11",1773716619,"ee18c4e1-6ba5-4aeb-bc18-671f5dc38e4b",{"msg":"Scope overlap with E3 detected at claim time"}]
["note","E3",1773716619,"ee18c4e1-6ba5-4aeb-bc18-671f5dc38e4b",{"msg":"Scope overlap with E3-004-T11 detected at claim time"}]
["claim","E3-004-T11",1773716619,"ee18c4e1-6ba5-4aeb-bc18-671f5dc38e4b",{"ttl":60}]
["transition","E3-004-T11",1773716719,"ee18c4e1-6ba5-4aeb-bc18-671f5dc38e4b",{"to":"done","outcome":"Updated ComputeReady signature to ComputeReady(index, issues, workerID string, now ...int64). sortReady now uses assignmentTier: assigned-to-me=0, unassigned=1, other-assigned=2. Added --worker flag to trls ready. Updated all test callers. Tests pass including new assignment-aware sort tests."}]
["claim","E3-002-T12",1773716726,"ee18c4e1-6ba5-4aeb-bc18-671f5dc38e4b",{"ttl":60}]
["transition","E3-002-T12",1773716786,"ee18c4e1-6ba5-4aeb-bc18-671f5dc38e4b",{"to":"done","outcome":"Created cmd/trellis/workers.go: enumerateWorkers from ops/*.log, buildWorkerStatus (active=live claim, stale=all stale, idle=within 2*DefaultTTL), lastOpTimestampFromLog. Human and --json JSONL output. Registered in main.go. All tests pass."}]
["claim","E3-T13",1773716797,"ee18c4e1-6ba5-4aeb-bc18-671f5dc38e4b",{"ttl":60}]
["transition","E3-T13",1773716855,"ee18c4e1-6ba5-4aeb-bc18-671f5dc38e4b",{"to":"done","outcome":"All 13 tasks complete. Commands registered: log, assign, unassign, workers. Full test suite passes (16 packages). Binary builds. --help works for all new commands."}]
["transition","E3",1773716865,"ee18c4e1-6ba5-4aeb-bc18-671f5dc38e4b",{"to":"done","outcome":"All four sub-stories implemented: push/sync (LowStakesPushThreshold, Push/FetchAndRebase on git.Client, Pusher interface, FilePushTracker, wire push deps), audit log (audit.Load, trls log command), worker presence (trls workers command), issue assignment (OpAssign, AssignedWorker materialization, trls assign/unassign, assignment-aware ComputeReady). All tests pass, binary builds."}]
